2012/04/27 18:10:25 [trace] [system.CModule] Loading "log" application component
in D:\web\wwwdocs\smart-ims\index.php (14)
2012/04/27 18:10:25 [trace] [system.CModule] Loading "bootstrap" application component
in D:\web\wwwdocs\smart-ims\index.php (14)
2012/04/27 18:10:25 [trace] [system.CModule] Loading "clientScript" application component
in D:\web\wwwdocs\smart-ims\protected\extensions\bootstrap\components\Bootstrap.php (85)
in D:\web\wwwdocs\smart-ims\protected\extensions\bootstrap\components\Bootstrap.php (69)
in D:\web\wwwdocs\smart-ims\index.php (14)
2012/04/27 18:10:25 [trace] [system.CModule] Loading "assetManager" application component
in D:\web\wwwdocs\smart-ims\protected\extensions\bootstrap\components\Bootstrap.php (371)
in D:\web\wwwdocs\smart-ims\protected\extensions\bootstrap\components\Bootstrap.php (85)
in D:\web\wwwdocs\smart-ims\protected\extensions\bootstrap\components\Bootstrap.php (69)
2012/04/27 18:10:25 [trace] [system.CModule] Loading "request" application component
in D:\web\wwwdocs\smart-ims\protected\extensions\bootstrap\components\Bootstrap.php (371)
in D:\web\wwwdocs\smart-ims\protected\extensions\bootstrap\components\Bootstrap.php (85)
in D:\web\wwwdocs\smart-ims\protected\extensions\bootstrap\components\Bootstrap.php (69)
2012/04/27 18:10:26 [trace] [system.CModule] Loading "urlManager" application component
in D:\web\wwwdocs\smart-ims\index.php (14)
2012/04/27 18:10:26 [trace] [system.base.CModule] Loading "site" module
in D:\web\wwwdocs\smart-ims\index.php (14)
2012/04/27 18:10:26 [trace] [system.CModule] Loading "settings" application component
in D:\web\wwwdocs\smart-ims\protected\components\BaseModule.php (26)
in D:\web\wwwdocs\smart-ims\protected\modules\site\SiteModule.php (8)
in D:\web\wwwdocs\smart-ims\index.php (14)
2012/04/27 18:10:26 [trace] [system.CModule] Loading "db" application component
in D:\web\wwwdocs\smart-ims\protected\modules\site\models\Settings.php (26)
in D:\web\wwwdocs\smart-ims\protected\components\XSettings.php (39)
in D:\web\wwwdocs\smart-ims\protected\components\BaseModule.php (26)
2012/04/27 18:10:26 [trace] [system.db.CDbConnection] Opening DB connection
in D:\web\wwwdocs\smart-ims\protected\modules\site\models\Settings.php (26)
in D:\web\wwwdocs\smart-ims\protected\components\XSettings.php (39)
in D:\web\wwwdocs\smart-ims\protected\components\BaseModule.php (26)
2012/04/27 18:10:26 [trace] [system.db.CDbCommand] Querying SQL: SHOW COLUMNS FROM `settings`
in D:\web\wwwdocs\smart-ims\protected\modules\site\models\Settings.php (26)
in D:\web\wwwdocs\smart-ims\protected\components\XSettings.php (39)
in D:\web\wwwdocs\smart-ims\protected\components\BaseModule.php (26)
2012/04/27 18:10:26 [trace] [system.db.CDbCommand] Querying SQL: SHOW CREATE TABLE `settings`
in D:\web\wwwdocs\smart-ims\protected\modules\site\models\Settings.php (26)
in D:\web\wwwdocs\smart-ims\protected\components\XSettings.php (39)
in D:\web\wwwdocs\smart-ims\protected\components\BaseModule.php (26)
2012/04/27 18:10:26 [trace] [system.db.ar.CActiveRecord] Settings.findAll()
in D:\web\wwwdocs\smart-ims\protected\components\XSettings.php (39)
in D:\web\wwwdocs\smart-ims\protected\components\BaseModule.php (26)
in D:\web\wwwdocs\smart-ims\protected\modules\site\SiteModule.php (8)
2012/04/27 18:10:26 [trace] [system.db.CDbCommand] Querying SQL: SELECT * FROM `settings` `t`
in D:\web\wwwdocs\smart-ims\protected\components\XSettings.php (39)
in D:\web\wwwdocs\smart-ims\protected\components\BaseModule.php (26)
in D:\web\wwwdocs\smart-ims\protected\modules\site\SiteModule.php (8)
2012/04/27 18:10:26 [trace] [system.web.filters.CFilterChain] Running filter ArticleController.filterrights()
in D:\web\wwwdocs\smart-ims\index.php (14)
2012/04/27 18:10:26 [trace] [system.CModule] Loading "user" application component
in D:\web\wwwdocs\smart-ims\protected\modules\rights\components\RightsFilter.php (24)
in D:\web\wwwdocs\smart-ims\protected\modules\rights\components\RController.php (36)
in D:\web\wwwdocs\smart-ims\index.php (14)
2012/04/27 18:10:26 [trace] [system.CModule] Loading "session" application component
in D:\web\wwwdocs\smart-ims\protected\modules\rights\components\RightsFilter.php (24)
in D:\web\wwwdocs\smart-ims\protected\modules\rights\components\RController.php (36)
in D:\web\wwwdocs\smart-ims\index.php (14)
2012/04/27 18:10:26 [trace] [system.db.CDbCommand] Querying SQL: SHOW COLUMNS FROM `groups`
in D:\web\wwwdocs\smart-ims\protected\modules\site\models\Groups.php (27)
in D:\web\wwwdocs\smart-ims\protected\modules\site\controllers\ArticleController.php (232)
in D:\web\wwwdocs\smart-ims\protected\modules\rights\components\RController.php (36)
2012/04/27 18:10:26 [trace] [system.db.CDbCommand] Querying SQL: SHOW CREATE TABLE `groups`
in D:\web\wwwdocs\smart-ims\protected\modules\site\models\Groups.php (27)
in D:\web\wwwdocs\smart-ims\protected\modules\site\controllers\ArticleController.php (232)
in D:\web\wwwdocs\smart-ims\protected\modules\rights\components\RController.php (36)
2012/04/27 18:10:26 [trace] [system.db.ar.CActiveRecord] Groups.findByPk()
in D:\web\wwwdocs\smart-ims\protected\modules\site\controllers\ArticleController.php (232)
in D:\web\wwwdocs\smart-ims\protected\modules\rights\components\RController.php (36)
in D:\web\wwwdocs\smart-ims\index.php (14)
2012/04/27 18:10:26 [trace] [system.db.CDbCommand] Querying SQL: SELECT * FROM `groups` `t` WHERE `t`.`id`=1 LIMIT 1
in D:\web\wwwdocs\smart-ims\protected\modules\site\controllers\ArticleController.php (232)
in D:\web\wwwdocs\smart-ims\protected\modules\rights\components\RController.php (36)
in D:\web\wwwdocs\smart-ims\index.php (14)
2012/04/27 18:10:26 [trace] [system.db.CDbCommand] Querying SQL: SHOW COLUMNS FROM `category`
in D:\web\wwwdocs\smart-ims\protected\modules\site\models\Category.php (32)
in D:\web\wwwdocs\smart-ims\protected\modules\site\controllers\ArticleController.php (249)
in D:\web\wwwdocs\smart-ims\protected\modules\rights\components\RController.php (36)
2012/04/27 18:10:26 [trace] [system.db.CDbCommand] Querying SQL: SHOW CREATE TABLE `category`
in D:\web\wwwdocs\smart-ims\protected\modules\site\models\Category.php (32)
in D:\web\wwwdocs\smart-ims\protected\modules\site\controllers\ArticleController.php (249)
in D:\web\wwwdocs\smart-ims\protected\modules\rights\components\RController.php (36)
2012/04/27 18:10:26 [trace] [system.db.ar.CActiveRecord] Category.findByPk()
in D:\web\wwwdocs\smart-ims\protected\modules\site\controllers\ArticleController.php (249)
in D:\web\wwwdocs\smart-ims\protected\modules\rights\components\RController.php (36)
in D:\web\wwwdocs\smart-ims\index.php (14)
2012/04/27 18:10:26 [trace] [system.db.CDbCommand] Querying SQL: SELECT * FROM `category` `t` WHERE `t`.`id`=1 LIMIT 1
in D:\web\wwwdocs\smart-ims\protected\modules\site\controllers\ArticleController.php (249)
in D:\web\wwwdocs\smart-ims\protected\modules\rights\components\RController.php (36)
in D:\web\wwwdocs\smart-ims\index.php (14)
2012/04/27 18:10:26 [trace] [system.CModule] Loading "themeManager" application component
in D:\web\wwwdocs\smart-ims\protected\modules\site\controllers\ArticleController.php (252)
in D:\web\wwwdocs\smart-ims\protected\modules\rights\components\RController.php (36)
in D:\web\wwwdocs\smart-ims\index.php (14)
2012/04/27 18:10:26 [trace] [system.db.CDbCommand] Querying SQL: SHOW COLUMNS FROM `article`
in D:\web\wwwdocs\smart-ims\protected\modules\site\models\Article.php (46)
in D:\web\wwwdocs\smart-ims\protected\modules\site\controllers\ArticleController.php (206)
in D:\web\wwwdocs\smart-ims\protected\modules\site\controllers\ArticleController.php (85)
2012/04/27 18:10:26 [trace] [system.db.CDbCommand] Querying SQL: SHOW CREATE TABLE `article`
in D:\web\wwwdocs\smart-ims\protected\modules\site\models\Article.php (46)
in D:\web\wwwdocs\smart-ims\protected\modules\site\controllers\ArticleController.php (206)
in D:\web\wwwdocs\smart-ims\protected\modules\site\controllers\ArticleController.php (85)
2012/04/27 18:10:26 [trace] [system.db.ar.CActiveRecord] Article.findByPk()
in D:\web\wwwdocs\smart-ims\protected\modules\site\controllers\ArticleController.php (206)
in D:\web\wwwdocs\smart-ims\protected\modules\site\controllers\ArticleController.php (85)
in D:\web\wwwdocs\smart-ims\protected\modules\rights\components\RController.php (36)
2012/04/27 18:10:26 [trace] [system.db.CDbCommand] Querying SQL: SELECT * FROM `article` `t` WHERE `t`.`id`=18 LIMIT 1
in D:\web\wwwdocs\smart-ims\protected\modules\site\controllers\ArticleController.php (206)
in D:\web\wwwdocs\smart-ims\protected\modules\site\controllers\ArticleController.php (85)
in D:\web\wwwdocs\smart-ims\protected\modules\rights\components\RController.php (36)
2012/04/27 18:10:26 [trace] [system.db.ar.CActiveRecord] Article.update()
in D:\web\wwwdocs\smart-ims\protected\modules\site\controllers\ArticleController.php (94)
in D:\web\wwwdocs\smart-ims\protected\modules\rights\components\RController.php (36)
in D:\web\wwwdocs\smart-ims\index.php (14)
2012/04/27 18:10:26 [trace] [system.db.ar.CActiveRecord] Article.updateByPk()
in D:\web\wwwdocs\smart-ims\protected\modules\site\controllers\ArticleController.php (94)
in D:\web\wwwdocs\smart-ims\protected\modules\rights\components\RController.php (36)
in D:\web\wwwdocs\smart-ims\index.php (14)
2012/04/27 18:10:26 [trace] [system.db.CDbCommand] Executing SQL: UPDATE `article` SET `id`=:yp0, `category_id`=:yp1, `title`=:yp2, `description`=:yp3, `content`=:yp4, `tags`=:yp5, `status`=:yp6, `essential`=:yp7, `article_date`=:yp8, `user_id`=:yp9, `create_date`=:yp10, `update_date`=:yp11, `update_user`=:yp12, `views`=:yp13, `class_code`=:yp14, `image_path`=:yp15, `file_path`=:yp16, `hash`=:yp17, `group_id`=:yp18, `alias`=:yp19 WHERE `article`.`id`=18
in D:\web\wwwdocs\smart-ims\protected\modules\site\controllers\ArticleController.php (94)
in D:\web\wwwdocs\smart-ims\protected\modules\rights\components\RController.php (36)
in D:\web\wwwdocs\smart-ims\index.php (14)
2012/04/27 18:10:26 [trace] [system.db.ar.CActiveRecord] writing MANY_MANY data for Article
in D:\web\wwwdocs\smart-ims\protected\extensions\CAdvancedArBehavior.php (109)
in D:\web\wwwdocs\smart-ims\protected\extensions\CAdvancedArBehavior.php (93)
in D:\web\wwwdocs\smart-ims\protected\modules\site\models\Article.php (291)
2012/04/27 18:10:26 [trace] [system.db.CDbCommand] Querying SQL: SHOW COLUMNS FROM `attachment`
in D:\web\wwwdocs\smart-ims\protected\extensions\attachment\AttachmentArBehavior.php (88)
in D:\web\wwwdocs\smart-ims\protected\extensions\attachment\AttachmentArBehavior.php (78)
in D:\web\wwwdocs\smart-ims\protected\modules\site\models\Article.php (291)
2012/04/27 18:10:26 [trace] [system.db.CDbCommand] Querying SQL: SHOW CREATE TABLE `attachment`
in D:\web\wwwdocs\smart-ims\protected\extensions\attachment\AttachmentArBehavior.php (88)
in D:\web\wwwdocs\smart-ims\protected\extensions\attachment\AttachmentArBehavior.php (78)
in D:\web\wwwdocs\smart-ims\protected\modules\site\models\Article.php (291)
2012/04/27 18:10:26 [trace] [system.db.ar.CActiveRecord] Attachment.findByPk()
in D:\web\wwwdocs\smart-ims\protected\extensions\attachment\AttachmentArBehavior.php (139)
in D:\web\wwwdocs\smart-ims\protected\extensions\attachment\AttachmentArBehavior.php (79)
in D:\web\wwwdocs\smart-ims\protected\modules\site\models\Article.php (291)
2012/04/27 18:10:26 [trace] [system.db.CDbCommand] Querying SQL: SELECT * FROM `attachment` `t` WHERE `t`.`id`=9 LIMIT 1
in D:\web\wwwdocs\smart-ims\protected\extensions\attachment\AttachmentArBehavior.php (139)
in D:\web\wwwdocs\smart-ims\protected\extensions\attachment\AttachmentArBehavior.php (79)
in D:\web\wwwdocs\smart-ims\protected\modules\site\models\Article.php (291)
2012/04/27 18:10:26 [trace] [system.db.ar.CActiveRecord] Attachment.update()
in D:\web\wwwdocs\smart-ims\protected\extensions\attachment\AttachmentArBehavior.php (148)
in D:\web\wwwdocs\smart-ims\protected\extensions\attachment\AttachmentArBehavior.php (79)
in D:\web\wwwdocs\smart-ims\protected\modules\site\models\Article.php (291)
2012/04/27 18:10:26 [trace] [system.db.ar.CActiveRecord] Attachment.updateByPk()
in D:\web\wwwdocs\smart-ims\protected\extensions\attachment\AttachmentArBehavior.php (148)
in D:\web\wwwdocs\smart-ims\protected\extensions\attachment\AttachmentArBehavior.php (79)
in D:\web\wwwdocs\smart-ims\protected\modules\site\models\Article.php (291)
2012/04/27 18:10:26 [trace] [system.db.CDbCommand] Executing SQL: UPDATE `attachment` SET `id`=:yp0, `item_id`=:yp1, `title`=:yp2, `description`=:yp3, `class_code`=:yp4, `file_path`=:yp5, `file_type`=:yp6, `isImage`=:yp7, `create_date`=:yp8, `update_date`=:yp9, `create_user`=:yp10, `update_user`=:yp11, `file_size`=:yp12 WHERE `attachment`.`id`=9
in D:\web\wwwdocs\smart-ims\protected\extensions\attachment\AttachmentArBehavior.php (148)
in D:\web\wwwdocs\smart-ims\protected\extensions\attachment\AttachmentArBehavior.php (79)
in D:\web\wwwdocs\smart-ims\protected\modules\site\models\Article.php (291)
2012/04/27 18:10:26 [trace] [system.db.CDbCommand] Querying SQL: SHOW COLUMNS FROM `tags`
in D:\web\wwwdocs\smart-ims\protected\modules\site\models\Tag.php (19)
in D:\web\wwwdocs\smart-ims\protected\modules\site\models\Article.php (292)
in D:\web\wwwdocs\smart-ims\protected\modules\site\controllers\ArticleController.php (94)
2012/04/27 18:10:26 [trace] [system.db.CDbCommand] Querying SQL: SHOW CREATE TABLE `tags`
in D:\web\wwwdocs\smart-ims\protected\modules\site\models\Tag.php (19)
in D:\web\wwwdocs\smart-ims\protected\modules\site\models\Article.php (292)
in D:\web\wwwdocs\smart-ims\protected\modules\site\controllers\ArticleController.php (94)
2012/04/27 18:10:26 [trace] [system.db.ar.CActiveRecord] Tag.updateCounters()
in D:\web\wwwdocs\smart-ims\protected\modules\site\models\Tag.php (153)
in D:\web\wwwdocs\smart-ims\protected\modules\site\models\Tag.php (145)
in D:\web\wwwdocs\smart-ims\protected\modules\site\models\Article.php (292)
2012/04/27 18:10:26 [trace] [system.db.CDbCommand] Executing SQL: UPDATE `tags` SET `frequency`=`frequency`+1 WHERE 0=1
in D:\web\wwwdocs\smart-ims\protected\modules\site\models\Tag.php (153)
in D:\web\wwwdocs\smart-ims\protected\modules\site\models\Tag.php (145)
in D:\web\wwwdocs\smart-ims\protected\modules\site\models\Article.php (292)
2012/04/27 18:10:26 [trace] [system.CModule] Loading "log" application component
in D:\web\wwwdocs\smart-ims\index.php (14)
2012/04/27 18:10:26 [trace] [system.CModule] Loading "bootstrap" application component
in D:\web\wwwdocs\smart-ims\index.php (14)
2012/04/27 18:10:26 [trace] [system.CModule] Loading "clientScript" application component
in D:\web\wwwdocs\smart-ims\protected\extensions\bootstrap\components\Bootstrap.php (85)
in D:\web\wwwdocs\smart-ims\protected\extensions\bootstrap\components\Bootstrap.php (69)
in D:\web\wwwdocs\smart-ims\index.php (14)
2012/04/27 18:10:26 [trace] [system.CModule] Loading "assetManager" application component
in D:\web\wwwdocs\smart-ims\protected\extensions\bootstrap\components\Bootstrap.php (371)
in D:\web\wwwdocs\smart-ims\protected\extensions\bootstrap\components\Bootstrap.php (85)
in D:\web\wwwdocs\smart-ims\protected\extensions\bootstrap\components\Bootstrap.php (69)
2012/04/27 18:10:26 [trace] [system.CModule] Loading "request" application component
in D:\web\wwwdocs\smart-ims\protected\extensions\bootstrap\components\Bootstrap.php (371)
in D:\web\wwwdocs\smart-ims\protected\extensions\bootstrap\components\Bootstrap.php (85)
in D:\web\wwwdocs\smart-ims\protected\extensions\bootstrap\components\Bootstrap.php (69)
2012/04/27 18:10:26 [trace] [system.CModule] Loading "urlManager" application component
in D:\web\wwwdocs\smart-ims\index.php (14)
2012/04/27 18:10:26 [trace] [system.base.CModule] Loading "site" module
in D:\web\wwwdocs\smart-ims\index.php (14)
2012/04/27 18:10:26 [trace] [system.CModule] Loading "settings" application component
in D:\web\wwwdocs\smart-ims\protected\components\BaseModule.php (26)
in D:\web\wwwdocs\smart-ims\protected\modules\site\SiteModule.php (8)
in D:\web\wwwdocs\smart-ims\index.php (14)
2012/04/27 18:10:26 [trace] [system.CModule] Loading "db" application component
in D:\web\wwwdocs\smart-ims\protected\modules\site\models\Settings.php (26)
in D:\web\wwwdocs\smart-ims\protected\components\XSettings.php (39)
in D:\web\wwwdocs\smart-ims\protected\components\BaseModule.php (26)
2012/04/27 18:10:26 [trace] [system.db.CDbConnection] Opening DB connection
in D:\web\wwwdocs\smart-ims\protected\modules\site\models\Settings.php (26)
in D:\web\wwwdocs\smart-ims\protected\components\XSettings.php (39)
in D:\web\wwwdocs\smart-ims\protected\components\BaseModule.php (26)
2012/04/27 18:10:26 [trace] [system.db.CDbCommand] Querying SQL: SHOW COLUMNS FROM `settings`
in D:\web\wwwdocs\smart-ims\protected\modules\site\models\Settings.php (26)
in D:\web\wwwdocs\smart-ims\protected\components\XSettings.php (39)
in D:\web\wwwdocs\smart-ims\protected\components\BaseModule.php (26)
2012/04/27 18:10:26 [trace] [system.db.CDbCommand] Querying SQL: SHOW CREATE TABLE `settings`
in D:\web\wwwdocs\smart-ims\protected\modules\site\models\Settings.php (26)
in D:\web\wwwdocs\smart-ims\protected\components\XSettings.php (39)
in D:\web\wwwdocs\smart-ims\protected\components\BaseModule.php (26)
2012/04/27 18:10:26 [trace] [system.db.ar.CActiveRecord] Settings.findAll()
in D:\web\wwwdocs\smart-ims\protected\components\XSettings.php (39)
in D:\web\wwwdocs\smart-ims\protected\components\BaseModule.php (26)
in D:\web\wwwdocs\smart-ims\protected\modules\site\SiteModule.php (8)
2012/04/27 18:10:26 [trace] [system.db.CDbCommand] Querying SQL: SELECT * FROM `settings` `t`
in D:\web\wwwdocs\smart-ims\protected\components\XSettings.php (39)
in D:\web\wwwdocs\smart-ims\protected\components\BaseModule.php (26)
in D:\web\wwwdocs\smart-ims\protected\modules\site\SiteModule.php (8)
2012/04/27 18:10:26 [trace] [system.web.filters.CFilterChain] Running filter ArticleController.filterrights()
in D:\web\wwwdocs\smart-ims\index.php (14)
2012/04/27 18:10:26 [trace] [system.CModule] Loading "user" application component
in D:\web\wwwdocs\smart-ims\protected\modules\rights\components\RightsFilter.php (24)
in D:\web\wwwdocs\smart-ims\protected\modules\rights\components\RController.php (36)
in D:\web\wwwdocs\smart-ims\index.php (14)
2012/04/27 18:10:26 [trace] [system.CModule] Loading "session" application component
in D:\web\wwwdocs\smart-ims\protected\modules\rights\components\RightsFilter.php (24)
in D:\web\wwwdocs\smart-ims\protected\modules\rights\components\RController.php (36)
in D:\web\wwwdocs\smart-ims\index.php (14)
2012/04/27 18:10:26 [trace] [system.CModule] Loading "themeManager" application component
in D:\web\wwwdocs\smart-ims\protected\modules\site\controllers\ArticleController.php (252)
in D:\web\wwwdocs\smart-ims\protected\modules\rights\components\RController.php (36)
in D:\web\wwwdocs\smart-ims\index.php (14)
2012/04/27 18:10:26 [trace] [system.db.CDbCommand] Querying SQL: SHOW COLUMNS FROM `article`
in D:\web\wwwdocs\smart-ims\protected\modules\site\models\Article.php (46)
in D:\web\wwwdocs\smart-ims\protected\modules\site\controllers\ArticleController.php (206)
in D:\web\wwwdocs\smart-ims\protected\modules\site\controllers\ArticleController.php (24)
2012/04/27 18:10:26 [trace] [system.db.CDbCommand] Querying SQL: SHOW CREATE TABLE `article`
in D:\web\wwwdocs\smart-ims\protected\modules\site\models\Article.php (46)
in D:\web\wwwdocs\smart-ims\protected\modules\site\controllers\ArticleController.php (206)
in D:\web\wwwdocs\smart-ims\protected\modules\site\controllers\ArticleController.php (24)
2012/04/27 18:10:26 [trace] [system.db.ar.CActiveRecord] Article.findByPk()
in D:\web\wwwdocs\smart-ims\protected\modules\site\controllers\ArticleController.php (206)
in D:\web\wwwdocs\smart-ims\protected\modules\site\controllers\ArticleController.php (24)
in D:\web\wwwdocs\smart-ims\protected\modules\rights\components\RController.php (36)
2012/04/27 18:10:26 [trace] [system.db.CDbCommand] Querying SQL: SELECT * FROM `article` `t` WHERE `t`.`id`=18 LIMIT 1
in D:\web\wwwdocs\smart-ims\protected\modules\site\controllers\ArticleController.php (206)
in D:\web\wwwdocs\smart-ims\protected\modules\site\controllers\ArticleController.php (24)
in D:\web\wwwdocs\smart-ims\protected\modules\rights\components\RController.php (36)
2012/04/27 18:10:26 [trace] [system.db.CDbCommand] Querying SQL: SHOW COLUMNS FROM `groups`
in D:\web\wwwdocs\smart-ims\protected\modules\site\models\Groups.php (27)
in D:\web\wwwdocs\smart-ims\protected\modules\site\controllers\ArticleController.php (34)
in D:\web\wwwdocs\smart-ims\protected\modules\rights\components\RController.php (36)
2012/04/27 18:10:26 [trace] [system.db.CDbCommand] Querying SQL: SHOW CREATE TABLE `groups`
in D:\web\wwwdocs\smart-ims\protected\modules\site\models\Groups.php (27)
in D:\web\wwwdocs\smart-ims\protected\modules\site\controllers\ArticleController.php (34)
in D:\web\wwwdocs\smart-ims\protected\modules\rights\components\RController.php (36)
2012/04/27 18:10:26 [trace] [system.db.ar.CActiveRecord] Groups.findByPk()
in D:\web\wwwdocs\smart-ims\protected\modules\site\controllers\ArticleController.php (34)
in D:\web\wwwdocs\smart-ims\protected\modules\rights\components\RController.php (36)
in D:\web\wwwdocs\smart-ims\index.php (14)
2012/04/27 18:10:26 [trace] [system.db.CDbCommand] Querying SQL: SELECT * FROM `groups` `t` WHERE `t`.`id`=1 LIMIT 1
in D:\web\wwwdocs\smart-ims\protected\modules\site\controllers\ArticleController.php (34)
in D:\web\wwwdocs\smart-ims\protected\modules\rights\components\RController.php (36)
in D:\web\wwwdocs\smart-ims\index.php (14)
2012/04/27 18:10:26 [trace] [system.db.ar.CActiveRecord] lazy loading Article.category
in D:\web\wwwdocs\smart-ims\protected\modules\site\controllers\ArticleController.php (38)
in D:\web\wwwdocs\smart-ims\protected\modules\rights\components\RController.php (36)
in D:\web\wwwdocs\smart-ims\index.php (14)
2012/04/27 18:10:26 [trace] [system.db.CDbCommand] Querying SQL: SHOW COLUMNS FROM `category`
in D:\web\wwwdocs\smart-ims\protected\modules\site\controllers\ArticleController.php (38)
in D:\web\wwwdocs\smart-ims\protected\modules\rights\components\RController.php (36)
in D:\web\wwwdocs\smart-ims\index.php (14)
2012/04/27 18:10:26 [trace] [system.db.CDbCommand] Querying SQL: SHOW CREATE TABLE `category`
in D:\web\wwwdocs\smart-ims\protected\modules\site\controllers\ArticleController.php (38)
in D:\web\wwwdocs\smart-ims\protected\modules\rights\components\RController.php (36)
in D:\web\wwwdocs\smart-ims\index.php (14)
2012/04/27 18:10:26 [trace] [system.db.CDbCommand] Querying SQL: SELECT `category`.`id` AS `t1_c0`, `category`.`name` AS `t1_c1`, `category`.`alias` AS `t1_c2`, `category`.`class_code` AS `t1_c3`, `category`.`description` AS `t1_c4`, `category`.`parent_id` AS `t1_c5`, `category`.`display_order` AS `t1_c6`, `category`.`create_user` AS `t1_c7`, `category`.`views` AS `t1_c8`, `category`.`group_id` AS `t1_c9`, `category`.`create_date` AS `t1_c10`, `category`.`update_date` AS `t1_c11`, `category`.`update_user` AS `t1_c12`, `category`.`category_type` AS `t1_c13` FROM `category` `category`  WHERE (`category`.`id`=:ypl0)
in D:\web\wwwdocs\smart-ims\protected\modules\site\controllers\ArticleController.php (38)
in D:\web\wwwdocs\smart-ims\protected\modules\rights\components\RController.php (36)
in D:\web\wwwdocs\smart-ims\index.php (14)
2012/04/27 18:10:26 [trace] [system.db.CDbCommand] Querying SQL: SHOW COLUMNS FROM `enumeration`
in D:\web\wwwdocs\smart-ims\protected\modules\site\models\Enumeration.php (22)
in D:\web\wwwdocs\smart-ims\protected\modules\site\models\Enumeration.php (129)
in D:\web\wwwdocs\smart-ims\protected\modules\site\models\Enumeration.php (118)
2012/04/27 18:10:26 [trace] [system.db.CDbCommand] Querying SQL: SHOW CREATE TABLE `enumeration`
in D:\web\wwwdocs\smart-ims\protected\modules\site\models\Enumeration.php (22)
in D:\web\wwwdocs\smart-ims\protected\modules\site\models\Enumeration.php (129)
in D:\web\wwwdocs\smart-ims\protected\modules\site\models\Enumeration.php (118)
2012/04/27 18:10:26 [trace] [system.db.ar.CActiveRecord] Enumeration.findAll()
in D:\web\wwwdocs\smart-ims\protected\modules\site\models\Enumeration.php (133)
in D:\web\wwwdocs\smart-ims\protected\modules\site\models\Enumeration.php (118)
in D:\web\wwwdocs\smart-ims\protected\modules\site\controllers\ArticleController.php (282)
2012/04/27 18:10:26 [trace] [system.db.CDbCommand] Querying SQL: SELECT * FROM `enumeration` `t` WHERE type=:type ORDER BY position
in D:\web\wwwdocs\smart-ims\protected\modules\site\models\Enumeration.php (133)
in D:\web\wwwdocs\smart-ims\protected\modules\site\models\Enumeration.php (118)
in D:\web\wwwdocs\smart-ims\protected\modules\site\controllers\ArticleController.php (282)
2012/04/27 18:10:26 [trace] [system.CModule] Loading "messages" application component
in D:\web\wwwdocs\smart-ims\protected\modules\site\controllers\ArticleController.php (295)
in D:\web\wwwdocs\smart-ims\protected\modules\site\controllers\ArticleController.php (39)
in D:\web\wwwdocs\smart-ims\protected\modules\rights\components\RController.php (36)
2012/04/27 18:10:26 [trace] [system.db.ar.CActiveRecord] Article.updateCounters()
in D:\web\wwwdocs\smart-ims\protected\modules\site\models\Article.php (307)
in D:\web\wwwdocs\smart-ims\protected\modules\site\controllers\ArticleController.php (41)
in D:\web\wwwdocs\smart-ims\protected\modules\rights\components\RController.php (36)
2012/04/27 18:10:26 [trace] [system.db.CDbCommand] Executing SQL: UPDATE `article` SET `views`=`views`+1 WHERE id = 18
in D:\web\wwwdocs\smart-ims\protected\modules\site\models\Article.php (307)
in D:\web\wwwdocs\smart-ims\protected\modules\site\controllers\ArticleController.php (41)
in D:\web\wwwdocs\smart-ims\protected\modules\rights\components\RController.php (36)
2012/04/27 18:10:26 [trace] [system.CModule] Loading "viewRenderer" application component
in D:\web\wwwdocs\smart-ims\protected\modules\site\controllers\ArticleController.php (44)
in D:\web\wwwdocs\smart-ims\protected\modules\rights\components\RController.php (36)
in D:\web\wwwdocs\smart-ims\index.php (14)
2012/04/27 18:10:26 [trace] [system.db.ar.CActiveRecord] lazy loading Article.author
in D:\web\wwwdocs\smart-ims\protected\modules\site\views\article\view.php (27)
in D:\web\wwwdocs\smart-ims\protected\modules\site\controllers\ArticleController.php (44)
in D:\web\wwwdocs\smart-ims\protected\modules\rights\components\RController.php (36)
2012/04/27 18:10:26 [trace] [system.base.CModule] Loading "user" module
in D:\web\wwwdocs\smart-ims\protected\modules\user\models\User.php (36)
in D:\web\wwwdocs\smart-ims\protected\modules\site\views\article\view.php (27)
in D:\web\wwwdocs\smart-ims\protected\modules\site\controllers\ArticleController.php (44)
2012/04/27 18:10:26 [trace] [system.db.CDbCommand] Querying SQL: SHOW COLUMNS FROM `users`
in D:\web\wwwdocs\smart-ims\protected\modules\site\views\article\view.php (27)
in D:\web\wwwdocs\smart-ims\protected\modules\site\controllers\ArticleController.php (44)
in D:\web\wwwdocs\smart-ims\protected\modules\rights\components\RController.php (36)
2012/04/27 18:10:26 [trace] [system.db.CDbCommand] Querying SQL: SHOW CREATE TABLE `users`
in D:\web\wwwdocs\smart-ims\protected\modules\site\views\article\view.php (27)
in D:\web\wwwdocs\smart-ims\protected\modules\site\controllers\ArticleController.php (44)
in D:\web\wwwdocs\smart-ims\protected\modules\rights\components\RController.php (36)
2012/04/27 18:10:26 [trace] [system.db.CDbCommand] Querying SQL: SELECT `author`.`id` AS `t1_c0`, `author`.`username` AS `t1_c1`, `author`.`email` AS `t1_c3`, `author`.`createtime` AS `t1_c5`, `author`.`lastvisit` AS `t1_c6`, `author`.`superuser` AS `t1_c7`, `author`.`status` AS `t1_c8` FROM `users` `author`  WHERE (`author`.`id`=:ypl0)
in D:\web\wwwdocs\smart-ims\protected\modules\site\views\article\view.php (27)
in D:\web\wwwdocs\smart-ims\protected\modules\site\controllers\ArticleController.php (44)
in D:\web\wwwdocs\smart-ims\protected\modules\rights\components\RController.php (36)
2012/04/27 18:10:26 [trace] [system.db.ar.CActiveRecord] lazy loading User.profile
in D:\web\wwwdocs\smart-ims\protected\modules\site\views\article\view.php (27)
in D:\web\wwwdocs\smart-ims\protected\modules\site\controllers\ArticleController.php (44)
in D:\web\wwwdocs\smart-ims\protected\modules\rights\components\RController.php (36)
2012/04/27 18:10:27 [trace] [system.db.CDbCommand] Querying SQL: SHOW COLUMNS FROM `profiles`
in D:\web\wwwdocs\smart-ims\protected\modules\site\views\article\view.php (27)
in D:\web\wwwdocs\smart-ims\protected\modules\site\controllers\ArticleController.php (44)
in D:\web\wwwdocs\smart-ims\protected\modules\rights\components\RController.php (36)
2012/04/27 18:10:27 [trace] [system.db.CDbCommand] Querying SQL: SHOW CREATE TABLE `profiles`
in D:\web\wwwdocs\smart-ims\protected\modules\site\views\article\view.php (27)
in D:\web\wwwdocs\smart-ims\protected\modules\site\controllers\ArticleController.php (44)
in D:\web\wwwdocs\smart-ims\protected\modules\rights\components\RController.php (36)
2012/04/27 18:10:27 [trace] [system.db.CDbCommand] Querying SQL: SELECT `profile`.`user_id` AS `t1_c0`, `profile`.`lastname` AS `t1_c1`, `profile`.`firstname` AS `t1_c2`, `profile`.`birthday` AS `t1_c3`, `profile`.`depart` AS `t1_c4`, `profile`.`image` AS `t1_c5` FROM `profiles` `profile`  WHERE (`profile`.`user_id`=:ypl0)
in D:\web\wwwdocs\smart-ims\protected\modules\site\views\article\view.php (27)
in D:\web\wwwdocs\smart-ims\protected\modules\site\controllers\ArticleController.php (44)
in D:\web\wwwdocs\smart-ims\protected\modules\rights\components\RController.php (36)
2012/04/27 18:10:27 [trace] [system.CModule] Loading "widgetFactory" application component
in D:\web\wwwdocs\smart-ims\protected\modules\site\views\article\view.php (43)
in D:\web\wwwdocs\smart-ims\protected\modules\site\controllers\ArticleController.php (44)
in D:\web\wwwdocs\smart-ims\protected\modules\rights\components\RController.php (36)
2012/04/27 18:10:27 [trace] [system.db.CDbCommand] Querying SQL: SHOW COLUMNS FROM `attachment`
in D:\web\wwwdocs\smart-ims\protected\extensions\attachment\widgets\AttachWidget.php (46)
in D:\web\wwwdocs\smart-ims\protected\modules\site\views\article\view.php (55)
in D:\web\wwwdocs\smart-ims\protected\modules\site\controllers\ArticleController.php (44)
2012/04/27 18:10:27 [trace] [system.db.CDbCommand] Querying SQL: SHOW CREATE TABLE `attachment`
in D:\web\wwwdocs\smart-ims\protected\extensions\attachment\widgets\AttachWidget.php (46)
in D:\web\wwwdocs\smart-ims\protected\modules\site\views\article\view.php (55)
in D:\web\wwwdocs\smart-ims\protected\modules\site\controllers\ArticleController.php (44)
2012/04/27 18:10:27 [trace] [system.db.ar.CActiveRecord] Attachment.count()
in D:\web\wwwdocs\smart-ims\protected\extensions\attachment\widgets\views\attach_view.php (28)
in D:\web\wwwdocs\smart-ims\protected\extensions\attachment\widgets\AttachWidget.php (52)
in D:\web\wwwdocs\smart-ims\protected\modules\site\views\article\view.php (55)
2012/04/27 18:10:27 [trace] [system.db.CDbCommand] Querying SQL: SELECT COUNT(*) FROM `attachment` `t` WHERE ((item_id=:ycp0) AND (class_code LIKE :ycp1)) AND (isImage=:ycp2)
in D:\web\wwwdocs\smart-ims\protected\extensions\attachment\widgets\views\attach_view.php (28)
in D:\web\wwwdocs\smart-ims\protected\extensions\attachment\widgets\AttachWidget.php (52)
in D:\web\wwwdocs\smart-ims\protected\modules\site\views\article\view.php (55)
2012/04/27 18:10:27 [trace] [system.db.ar.CActiveRecord] Attachment.findAll()
in D:\web\wwwdocs\smart-ims\protected\extensions\attachment\widgets\views\attach_view.php (28)
in D:\web\wwwdocs\smart-ims\protected\extensions\attachment\widgets\AttachWidget.php (52)
in D:\web\wwwdocs\smart-ims\protected\modules\site\views\article\view.php (55)
2012/04/27 18:10:27 [trace] [system.db.CDbCommand] Querying SQL: SELECT * FROM `attachment` `t` WHERE ((item_id=:ycp0) AND (class_code LIKE :ycp1)) AND (isImage=:ycp2) LIMIT 10
in D:\web\wwwdocs\smart-ims\protected\extensions\attachment\widgets\views\attach_view.php (28)
in D:\web\wwwdocs\smart-ims\protected\extensions\attachment\widgets\AttachWidget.php (52)
in D:\web\wwwdocs\smart-ims\protected\modules\site\views\article\view.php (55)
2012/04/27 18:10:27 [trace] [system.CModule] Loading "coreMessages" application component
in D:\web\wwwdocs\smart-ims\protected\extensions\attachment\widgets\views\attach_view.php (28)
in D:\web\wwwdocs\smart-ims\protected\extensions\attachment\widgets\AttachWidget.php (52)
in D:\web\wwwdocs\smart-ims\protected\modules\site\views\article\view.php (55)
2012/04/27 18:10:27 [trace] [system.db.ar.CActiveRecord] Attachment.count()
in D:\web\wwwdocs\smart-ims\protected\extensions\attachment\widgets\views\attach_view.php (39)
in D:\web\wwwdocs\smart-ims\protected\extensions\attachment\widgets\AttachWidget.php (52)
in D:\web\wwwdocs\smart-ims\protected\modules\site\views\article\view.php (55)
2012/04/27 18:10:27 [trace] [system.db.CDbCommand] Querying SQL: SELECT COUNT(*) FROM `attachment` `t` WHERE ((item_id=:ycp3) AND (class_code LIKE :ycp4)) AND (isImage=:ycp5)
in D:\web\wwwdocs\smart-ims\protected\extensions\attachment\widgets\views\attach_view.php (39)
in D:\web\wwwdocs\smart-ims\protected\extensions\attachment\widgets\AttachWidget.php (52)
in D:\web\wwwdocs\smart-ims\protected\modules\site\views\article\view.php (55)
2012/04/27 18:10:27 [trace] [system.db.ar.CActiveRecord] Attachment.findAll()
in D:\web\wwwdocs\smart-ims\protected\extensions\attachment\widgets\views\attach_view.php (39)
in D:\web\wwwdocs\smart-ims\protected\extensions\attachment\widgets\AttachWidget.php (52)
in D:\web\wwwdocs\smart-ims\protected\modules\site\views\article\view.php (55)
2012/04/27 18:10:27 [trace] [system.db.CDbCommand] Querying SQL: SELECT * FROM `attachment` `t` WHERE ((item_id=:ycp3) AND (class_code LIKE :ycp4)) AND (isImage=:ycp5) LIMIT 10
in D:\web\wwwdocs\smart-ims\protected\extensions\attachment\widgets\views\attach_view.php (39)
in D:\web\wwwdocs\smart-ims\protected\extensions\attachment\widgets\AttachWidget.php (52)
in D:\web\wwwdocs\smart-ims\protected\modules\site\views\article\view.php (55)
2012/04/27 18:10:27 [trace] [system.base.CModule] Loading "comments" module
in D:\web\wwwdocs\smart-ims\protected\modules\comments\widgets\ECommentsBaseWidget.php (58)
in D:\web\wwwdocs\smart-ims\protected\modules\comments\widgets\ECommentsListWidget.php (38)
in D:\web\wwwdocs\smart-ims\protected\modules\site\views\article\view.php (62)
2012/04/27 18:10:27 [trace] [system.db.CDbCommand] Querying SQL: SHOW COLUMNS FROM `comments`
in D:\web\wwwdocs\smart-ims\protected\modules\comments\widgets\ECommentsBaseWidget.php (87)
in D:\web\wwwdocs\smart-ims\protected\modules\comments\widgets\ECommentsListWidget.php (49)
in D:\web\wwwdocs\smart-ims\protected\modules\site\views\article\view.php (62)
2012/04/27 18:10:27 [trace] [system.db.CDbCommand] Querying SQL: SHOW CREATE TABLE `comments`
in D:\web\wwwdocs\smart-ims\protected\modules\comments\widgets\ECommentsBaseWidget.php (87)
in D:\web\wwwdocs\smart-ims\protected\modules\comments\widgets\ECommentsListWidget.php (49)
in D:\web\wwwdocs\smart-ims\protected\modules\site\views\article\view.php (62)
2012/04/27 18:10:27 [trace] [system.db.ar.CActiveRecord] Comment.findAll()
in D:\web\wwwdocs\smart-ims\protected\modules\comments\models\Comment.php (260)
in D:\web\wwwdocs\smart-ims\protected\modules\comments\widgets\ECommentsListWidget.php (50)
in D:\web\wwwdocs\smart-ims\protected\modules\site\views\article\view.php (62)
2012/04/27 18:10:27 [trace] [system.db.CDbCommand] Querying SQL: SELECT `t`.`owner_name` AS `t0_c0`, `t`.`owner_id` AS `t0_c1`, `t`.`comment_id` AS `t0_c2`, `t`.`parent_comment_id` AS `t0_c3`, `t`.`creator_id` AS `t0_c4`, `t`.`user_name` AS `t0_c5`, `t`.`user_email` AS `t0_c6`, `t`.`comment_text` AS `t0_c7`, `t`.`create_time` AS `t0_c8`, `t`.`update_time` AS `t0_c9`, `t`.`status` AS `t0_c10`, `t`.`comment_title` AS `t0_c11`, `user`.`id` AS `t1_c0`, `user`.`username` AS `t1_c1`, `user`.`email` AS `t1_c3`, `user`.`createtime` AS `t1_c5`, `user`.`lastvisit` AS `t1_c6`, `user`.`superuser` AS `t1_c7`, `user`.`status` AS `t1_c8` FROM `comments` `t`  LEFT OUTER JOIN `users` `user` ON (`t`.`creator_id`=`user`.`id`)  WHERE (((owner_name=:ycp6) AND (owner_id=:ycp7)) AND (t.status<>:ycp8)) ORDER BY parent_comment_id, create_time DESC
in D:\web\wwwdocs\smart-ims\protected\modules\comments\models\Comment.php (260)
in D:\web\wwwdocs\smart-ims\protected\modules\comments\widgets\ECommentsListWidget.php (50)
in D:\web\wwwdocs\smart-ims\protected\modules\site\views\article\view.php (62)
2012/04/27 18:10:27 [trace] [system.db.ar.CActiveRecord] User.findByPk()
in D:\web\wwwdocs\smart-ims\protected\widgets\MemberInfo.php (6)
in D:\web\wwwdocs\smart-ims\protected\components\Portlet.php (18)
in D:\web\wwwdocs\smart-ims\protected\modules\site\views\layouts\article\column2.php (7)
2012/04/27 18:10:27 [trace] [system.db.CDbCommand] Querying SQL: SELECT id, username, email, createtime, lastvisit, superuser, status FROM `users` `t` WHERE `t`.`id`=1 LIMIT 1
in D:\web\wwwdocs\smart-ims\protected\widgets\MemberInfo.php (6)
in D:\web\wwwdocs\smart-ims\protected\components\Portlet.php (18)
in D:\web\wwwdocs\smart-ims\protected\modules\site\views\layouts\article\column2.php (7)
2012/04/27 18:10:27 [trace] [system.db.ar.CActiveRecord] lazy loading User.profile
in D:\web\wwwdocs\smart-ims\protected\widgets\views\memberinfo.php (2)
in D:\web\wwwdocs\smart-ims\protected\widgets\MemberInfo.php (8)
in D:\web\wwwdocs\smart-ims\protected\components\Portlet.php (18)
2012/04/27 18:10:27 [trace] [system.db.CDbCommand] Querying SQL: SELECT `profile`.`user_id` AS `t1_c0`, `profile`.`lastname` AS `t1_c1`, `profile`.`firstname` AS `t1_c2`, `profile`.`birthday` AS `t1_c3`, `profile`.`depart` AS `t1_c4`, `profile`.`image` AS `t1_c5` FROM `profiles` `profile`  WHERE (`profile`.`user_id`=:ypl0)
in D:\web\wwwdocs\smart-ims\protected\widgets\views\memberinfo.php (2)
in D:\web\wwwdocs\smart-ims\protected\widgets\MemberInfo.php (8)
in D:\web\wwwdocs\smart-ims\protected\components\Portlet.php (18)
2012/04/27 18:10:27 [trace] [system.db.ar.CActiveRecord] Category.findAll()
in D:\web\wwwdocs\smart-ims\protected\modules\site\models\Category.php (187)
in D:\web\wwwdocs\smart-ims\protected\modules\site\widgets\CategoryList.php (12)
in D:\web\wwwdocs\smart-ims\protected\components\Portlet.php (10)
2012/04/27 18:10:27 [trace] [system.db.CDbCommand] Querying SQL: SELECT * FROM `category` `t` WHERE (( parent_Id= 1) AND (class_code ='tutorials')) AND ((group_id = 1 or category_type=1)) ORDER BY  parent_Id asc,display_order asc
in D:\web\wwwdocs\smart-ims\protected\modules\site\models\Category.php (187)
in D:\web\wwwdocs\smart-ims\protected\modules\site\widgets\CategoryList.php (12)
in D:\web\wwwdocs\smart-ims\protected\components\Portlet.php (10)
2012/04/27 18:10:27 [trace] [system.db.CDbCommand] Querying SQL: SHOW COLUMNS FROM `tags`
in D:\web\wwwdocs\smart-ims\protected\modules\site\models\Tag.php (19)
in D:\web\wwwdocs\smart-ims\protected\modules\site\widgets\CategoryList.php (21)
in D:\web\wwwdocs\smart-ims\protected\components\Portlet.php (10)
2012/04/27 18:10:27 [trace] [system.db.CDbCommand] Querying SQL: SHOW CREATE TABLE `tags`
in D:\web\wwwdocs\smart-ims\protected\modules\site\models\Tag.php (19)
in D:\web\wwwdocs\smart-ims\protected\modules\site\widgets\CategoryList.php (21)
in D:\web\wwwdocs\smart-ims\protected\components\Portlet.php (10)
2012/04/27 18:10:27 [trace] [system.db.ar.CActiveRecord] Tag.findAll()
in D:\web\wwwdocs\smart-ims\protected\modules\site\widgets\CategoryList.php (21)
in D:\web\wwwdocs\smart-ims\protected\components\Portlet.php (10)
in D:\web\wwwdocs\smart-ims\protected\views\layouts\_side_block.php (16)
2012/04/27 18:10:27 [trace] [system.db.CDbCommand] Querying SQL: SELECT * FROM `tags` `t`
in D:\web\wwwdocs\smart-ims\protected\modules\site\widgets\CategoryList.php (21)
in D:\web\wwwdocs\smart-ims\protected\components\Portlet.php (10)
in D:\web\wwwdocs\smart-ims\protected\views\layouts\_side_block.php (16)
2012/04/27 18:10:27 [trace] [system.db.ar.CActiveRecord] Groups.findAll()
in D:\web\wwwdocs\smart-ims\protected\modules\site\models\Groups.php (131)
in D:\web\wwwdocs\smart-ims\protected\views\layouts\main.php (44)
in D:\web\wwwdocs\smart-ims\protected\modules\site\views\layouts\article\column2.php (54)
2012/04/27 18:10:27 [trace] [system.db.CDbCommand] Querying SQL: SELECT * FROM `groups` `t` WHERE create_user = 1
in D:\web\wwwdocs\smart-ims\protected\modules\site\models\Groups.php (131)
in D:\web\wwwdocs\smart-ims\protected\views\layouts\main.php (44)
in D:\web\wwwdocs\smart-ims\protected\modules\site\views\layouts\article\column2.php (54)
2012/04/27 18:10:27 [trace] [system.CModule] Loading "log" application component
in D:\web\wwwdocs\smart-ims\index.php (14)
2012/04/27 18:10:27 [trace] [system.CModule] Loading "bootstrap" application component
in D:\web\wwwdocs\smart-ims\index.php (14)
2012/04/27 18:10:27 [trace] [system.CModule] Loading "clientScript" application component
in D:\web\wwwdocs\smart-ims\protected\extensions\bootstrap\components\Bootstrap.php (85)
in D:\web\wwwdocs\smart-ims\protected\extensions\bootstrap\components\Bootstrap.php (69)
in D:\web\wwwdocs\smart-ims\index.php (14)
2012/04/27 18:10:27 [trace] [system.CModule] Loading "assetManager" application component
in D:\web\wwwdocs\smart-ims\protected\extensions\bootstrap\components\Bootstrap.php (371)
in D:\web\wwwdocs\smart-ims\protected\extensions\bootstrap\components\Bootstrap.php (85)
in D:\web\wwwdocs\smart-ims\protected\extensions\bootstrap\components\Bootstrap.php (69)
2012/04/27 18:10:27 [trace] [system.CModule] Loading "request" application component
in D:\web\wwwdocs\smart-ims\protected\extensions\bootstrap\components\Bootstrap.php (371)
in D:\web\wwwdocs\smart-ims\protected\extensions\bootstrap\components\Bootstrap.php (85)
in D:\web\wwwdocs\smart-ims\protected\extensions\bootstrap\components\Bootstrap.php (69)
2012/04/27 18:10:27 [trace] [system.CModule] Loading "urlManager" application component
in D:\web\wwwdocs\smart-ims\index.php (14)
2012/04/27 18:10:27 [trace] [system.base.CModule] Loading "site" module
in D:\web\wwwdocs\smart-ims\index.php (14)
2012/04/27 18:10:27 [trace] [system.CModule] Loading "settings" application component
in D:\web\wwwdocs\smart-ims\protected\components\BaseModule.php (26)
in D:\web\wwwdocs\smart-ims\protected\modules\site\SiteModule.php (8)
in D:\web\wwwdocs\smart-ims\index.php (14)
2012/04/27 18:10:27 [trace] [system.CModule] Loading "db" application component
in D:\web\wwwdocs\smart-ims\protected\modules\site\models\Settings.php (26)
in D:\web\wwwdocs\smart-ims\protected\components\XSettings.php (39)
in D:\web\wwwdocs\smart-ims\protected\components\BaseModule.php (26)
2012/04/27 18:10:27 [trace] [system.db.CDbConnection] Opening DB connection
in D:\web\wwwdocs\smart-ims\protected\modules\site\models\Settings.php (26)
in D:\web\wwwdocs\smart-ims\protected\components\XSettings.php (39)
in D:\web\wwwdocs\smart-ims\protected\components\BaseModule.php (26)
2012/04/27 18:10:27 [trace] [system.db.CDbCommand] Querying SQL: SHOW COLUMNS FROM `settings`
in D:\web\wwwdocs\smart-ims\protected\modules\site\models\Settings.php (26)
in D:\web\wwwdocs\smart-ims\protected\components\XSettings.php (39)
in D:\web\wwwdocs\smart-ims\protected\components\BaseModule.php (26)
2012/04/27 18:10:27 [trace] [system.db.CDbCommand] Querying SQL: SHOW CREATE TABLE `settings`
in D:\web\wwwdocs\smart-ims\protected\modules\site\models\Settings.php (26)
in D:\web\wwwdocs\smart-ims\protected\components\XSettings.php (39)
in D:\web\wwwdocs\smart-ims\protected\components\BaseModule.php (26)
2012/04/27 18:10:27 [trace] [system.db.ar.CActiveRecord] Settings.findAll()
in D:\web\wwwdocs\smart-ims\protected\components\XSettings.php (39)
in D:\web\wwwdocs\smart-ims\protected\components\BaseModule.php (26)
in D:\web\wwwdocs\smart-ims\protected\modules\site\SiteModule.php (8)
2012/04/27 18:10:27 [trace] [system.db.CDbCommand] Querying SQL: SELECT * FROM `settings` `t`
in D:\web\wwwdocs\smart-ims\protected\components\XSettings.php (39)
in D:\web\wwwdocs\smart-ims\protected\components\BaseModule.php (26)
in D:\web\wwwdocs\smart-ims\protected\modules\site\SiteModule.php (8)
2012/04/27 18:10:27 [trace] [system.CModule] Loading "coreMessages" application component
in D:\web\wwwdocs\smart-ims\index.php (14)
2012/04/27 18:10:27 [error] [exception.CHttpException.404] exception 'CHttpException' with message '无法解析请求 "site/assets/25eb5feb"。' in D:\web\wwwdocs\yii\yii-1.1.10\framework\web\CWebApplication.php:281
Stack trace:
#0 D:\web\wwwdocs\yii\yii-1.1.10\framework\web\CWebApplication.php(136): CWebApplication->runController('site/assets/25e...')
#1 D:\web\wwwdocs\yii\yii-1.1.10\framework\base\CApplication.php(162): CWebApplication->processRequest()
#2 D:\web\wwwdocs\smart-ims\index.php(14): CApplication->run()
#3 {main}
REQUEST_URI=/smart-ims/assets/25eb5feb/jui/css/redmond/jquery-ui.css
HTTP_REFERER=http://localhost/smart-ims/tutorials/view?id=18
---
2012/04/27 18:10:27 [trace] [system.CModule] Loading "errorHandler" application component
2012/04/27 18:10:27 [trace] [system.web.filters.CFilterChain] Running filter HomeController.filterrights()
2012/04/27 18:10:27 [trace] [system.CModule] Loading "user" application component
in D:\web\wwwdocs\smart-ims\protected\modules\rights\components\RightsFilter.php (24)
in D:\web\wwwdocs\smart-ims\protected\modules\rights\components\RController.php (36)
2012/04/27 18:10:27 [trace] [system.CModule] Loading "session" application component
in D:\web\wwwdocs\smart-ims\protected\modules\rights\components\RightsFilter.php (24)
in D:\web\wwwdocs\smart-ims\protected\modules\rights\components\RController.php (36)
2012/04/27 18:10:27 [trace] [system.CModule] Loading "themeManager" application component
in D:\web\wwwdocs\smart-ims\protected\components\Controller.php (33)
in D:\web\wwwdocs\smart-ims\protected\modules\rights\components\RController.php (36)
2012/04/27 18:10:27 [trace] [system.CModule] Loading "viewRenderer" application component
in D:\web\wwwdocs\smart-ims\protected\modules\site\controllers\HomeController.php (52)
in D:\web\wwwdocs\smart-ims\protected\modules\rights\components\RController.php (36)
2012/04/27 18:10:28 [trace] [system.CModule] Loading "widgetFactory" application component
in D:\web\wwwdocs\smart-ims\protected\views\layouts\column1.php (1)
in D:\web\wwwdocs\smart-ims\protected\modules\site\controllers\HomeController.php (52)
in D:\web\wwwdocs\smart-ims\protected\modules\rights\components\RController.php (36)
2012/04/27 18:10:28 [trace] [system.db.CDbCommand] Querying SQL: SHOW COLUMNS FROM `groups`
in D:\web\wwwdocs\smart-ims\protected\modules\site\models\Groups.php (27)
in D:\web\wwwdocs\smart-ims\protected\views\layouts\main.php (44)
in D:\web\wwwdocs\smart-ims\protected\views\layouts\column1.php (11)
2012/04/27 18:10:28 [trace] [system.db.CDbCommand] Querying SQL: SHOW CREATE TABLE `groups`
in D:\web\wwwdocs\smart-ims\protected\modules\site\models\Groups.php (27)
in D:\web\wwwdocs\smart-ims\protected\views\layouts\main.php (44)
in D:\web\wwwdocs\smart-ims\protected\views\layouts\column1.php (11)
2012/04/27 18:10:28 [trace] [system.db.ar.CActiveRecord] Groups.findAll()
in D:\web\wwwdocs\smart-ims\protected\modules\site\models\Groups.php (131)
in D:\web\wwwdocs\smart-ims\protected\views\layouts\main.php (44)
in D:\web\wwwdocs\smart-ims\protected\views\layouts\column1.php (11)
2012/04/27 18:10:28 [trace] [system.db.CDbCommand] Querying SQL: SELECT * FROM `groups` `t` WHERE create_user = 1
in D:\web\wwwdocs\smart-ims\protected\modules\site\models\Groups.php (131)
in D:\web\wwwdocs\smart-ims\protected\views\layouts\main.php (44)
in D:\web\wwwdocs\smart-ims\protected\views\layouts\column1.php (11)
2012/04/27 18:10:28 [trace] [system.CModule] Loading "messages" application component
in D:\web\wwwdocs\smart-ims\protected\modules\site\models\Groups.php (133)
in D:\web\wwwdocs\smart-ims\protected\views\layouts\main.php (44)
in D:\web\wwwdocs\smart-ims\protected\views\layouts\column1.php (11)
