2012/04/08 08:38:20 [error] [exception.CHttpException.403] exception 'CHttpException' with message '您没有被授权执行该操作。' in E:\MyProject\ycj\protected\modules\rights\components\RController.php:62
Stack trace:
#0 E:\MyProject\ycj\protected\modules\rights\components\RightsFilter.php(57): RController->accessDenied()
#1 E:\yiiframework\framework\web\filters\CFilter.php(39): RightsFilter->preFilter(Object(CFilterChain))
#2 E:\MyProject\ycj\protected\modules\rights\components\RController.php(36): CFilter->filter(Object(CFilterChain))
#3 E:\yiiframework\framework\web\filters\CInlineFilter.php(59): RController->filterRights(Object(CFilterChain))
#4 E:\yiiframework\framework\web\filters\CFilterChain.php(131): CInlineFilter->filter(Object(CFilterChain))
#5 E:\yiiframework\framework\web\CController.php(292): CFilterChain->run()
#6 E:\yiiframework\framework\web\CController.php(266): CController->runActionWithFilters(Object(CInlineAction), Array)
#7 E:\yiiframework\framework\web\CWebApplication.php(276): CController->run('workframe')
#8 E:\yiiframework\framework\web\CWebApplication.php(135): CWebApplication->runController('')
#9 E:\yiiframework\framework\base\CApplication.php(162): CWebApplication->processRequest()
#10 E:\MyProject\ycj\index.php(14): CApplication->run()
#11 {main}
REQUEST_URI=/ycj/index.php
---
2012/04/08 08:40:11 [error] [exception.CHttpException.403] exception 'CHttpException' with message '您没有被授权执行该操作。' in E:\MyProject\ycj\protected\modules\rights\components\RController.php:62
Stack trace:
#0 E:\MyProject\ycj\protected\modules\rights\components\RightsFilter.php(57): RController->accessDenied()
#1 E:\yiiframework\framework\web\filters\CFilter.php(39): RightsFilter->preFilter(Object(CFilterChain))
#2 E:\MyProject\ycj\protected\modules\rights\components\RController.php(36): CFilter->filter(Object(CFilterChain))
#3 E:\yiiframework\framework\web\filters\CInlineFilter.php(59): RController->filterRights(Object(CFilterChain))
#4 E:\yiiframework\framework\web\filters\CFilterChain.php(131): CInlineFilter->filter(Object(CFilterChain))
#5 E:\yiiframework\framework\web\CController.php(292): CFilterChain->run()
#6 E:\yiiframework\framework\web\CController.php(266): CController->runActionWithFilters(Object(CInlineAction), Array)
#7 E:\yiiframework\framework\web\CWebApplication.php(276): CController->run('workframe')
#8 E:\yiiframework\framework\web\CWebApplication.php(135): CWebApplication->runController('')
#9 E:\yiiframework\framework\base\CApplication.php(162): CWebApplication->processRequest()
#10 E:\MyProject\ycj\index.php(14): CApplication->run()
#11 {main}
REQUEST_URI=/ycj/index.php
---
2012/04/08 08:40:52 [error] [exception.CHttpException.403] exception 'CHttpException' with message '您没有被授权执行该操作。' in E:\MyProject\ycj\protected\modules\rights\components\RController.php:62
Stack trace:
#0 E:\MyProject\ycj\protected\modules\rights\components\RightsFilter.php(57): RController->accessDenied()
#1 E:\yiiframework\framework\web\filters\CFilter.php(39): RightsFilter->preFilter(Object(CFilterChain))
#2 E:\MyProject\ycj\protected\modules\rights\components\RController.php(36): CFilter->filter(Object(CFilterChain))
#3 E:\yiiframework\framework\web\filters\CInlineFilter.php(59): RController->filterRights(Object(CFilterChain))
#4 E:\yiiframework\framework\web\filters\CFilterChain.php(131): CInlineFilter->filter(Object(CFilterChain))
#5 E:\yiiframework\framework\web\CController.php(292): CFilterChain->run()
#6 E:\yiiframework\framework\web\CController.php(266): CController->runActionWithFilters(Object(CInlineAction), Array)
#7 E:\yiiframework\framework\web\CWebApplication.php(276): CController->run('workframe')
#8 E:\yiiframework\framework\web\CWebApplication.php(135): CWebApplication->runController('')
#9 E:\yiiframework\framework\base\CApplication.php(162): CWebApplication->processRequest()
#10 E:\MyProject\ycj\index.php(14): CApplication->run()
#11 {main}
REQUEST_URI=/ycj/index.php
---
2012/04/08 08:40:54 [error] [exception.CHttpException.403] exception 'CHttpException' with message '您没有被授权执行该操作。' in E:\MyProject\ycj\protected\modules\rights\components\RController.php:62
Stack trace:
#0 E:\MyProject\ycj\protected\modules\rights\components\RightsFilter.php(57): RController->accessDenied()
#1 E:\yiiframework\framework\web\filters\CFilter.php(39): RightsFilter->preFilter(Object(CFilterChain))
#2 E:\MyProject\ycj\protected\modules\rights\components\RController.php(36): CFilter->filter(Object(CFilterChain))
#3 E:\yiiframework\framework\web\filters\CInlineFilter.php(59): RController->filterRights(Object(CFilterChain))
#4 E:\yiiframework\framework\web\filters\CFilterChain.php(131): CInlineFilter->filter(Object(CFilterChain))
#5 E:\yiiframework\framework\web\CController.php(292): CFilterChain->run()
#6 E:\yiiframework\framework\web\CController.php(266): CController->runActionWithFilters(Object(CInlineAction), Array)
#7 E:\yiiframework\framework\web\CWebApplication.php(276): CController->run('workframe')
#8 E:\yiiframework\framework\web\CWebApplication.php(135): CWebApplication->runController('')
#9 E:\yiiframework\framework\base\CApplication.php(162): CWebApplication->processRequest()
#10 E:\MyProject\ycj\index.php(14): CApplication->run()
#11 {main}
REQUEST_URI=/ycj/index.php
---
2012/04/08 09:03:52 [error] [php] Invalid argument supplied for foreach() (E:\yiiframework\framework\web\auth\CAccessControlFilter.php:82)
Stack trace:
#0 E:\yiiframework\framework\web\filters\CFilterChain.php(131): CInlineFilter->filter()
#1 E:\yiiframework\framework\web\filters\CFilter.php(41): CFilterChain->run()
#2 E:\MyProject\ycj\protected\modules\rights\components\RController.php(36): RightsFilter->filter()
#3 E:\yiiframework\framework\web\filters\CInlineFilter.php(59): UserController->filterRights()
#4 E:\yiiframework\framework\web\filters\CFilterChain.php(131): CInlineFilter->filter()
#5 E:\yiiframework\framework\web\CController.php(292): CFilterChain->run()
#6 E:\yiiframework\framework\web\CController.php(266): UserController->runActionWithFilters()
#7 E:\yiiframework\framework\web\CWebApplication.php(276): UserController->run()
#8 E:\yiiframework\framework\web\CWebApplication.php(135): CWebApplication->runController()
#9 E:\yiiframework\framework\base\CApplication.php(162): CWebApplication->processRequest()
#10 E:\MyProject\ycj\index.php(14): CWebApplication->run()
REQUEST_URI=/ycj/index.php/user/user/
2012/04/08 09:03:56 [error] [php] Invalid argument supplied for foreach() (E:\yiiframework\framework\web\auth\CAccessControlFilter.php:82)
Stack trace:
#0 E:\yiiframework\framework\web\filters\CFilterChain.php(131): CInlineFilter->filter()
#1 E:\yiiframework\framework\web\filters\CFilter.php(41): CFilterChain->run()
#2 E:\MyProject\ycj\protected\modules\rights\components\RController.php(36): RightsFilter->filter()
#3 E:\yiiframework\framework\web\filters\CInlineFilter.php(59): UserController->filterRights()
#4 E:\yiiframework\framework\web\filters\CFilterChain.php(131): CInlineFilter->filter()
#5 E:\yiiframework\framework\web\CController.php(292): CFilterChain->run()
#6 E:\yiiframework\framework\web\CController.php(266): UserController->runActionWithFilters()
#7 E:\yiiframework\framework\web\CWebApplication.php(276): UserController->run()
#8 E:\yiiframework\framework\web\CWebApplication.php(135): CWebApplication->runController()
#9 E:\yiiframework\framework\base\CApplication.php(162): CWebApplication->processRequest()
#10 E:\MyProject\ycj\index.php(14): CWebApplication->run()
REQUEST_URI=/ycj/index.php/user/user/index
2012/04/08 09:04:02 [error] [exception.CHttpException.403] exception 'CHttpException' with message '您没有被授权执行该操作。' in E:\MyProject\ycj\protected\modules\rights\components\RController.php:62
Stack trace:
#0 E:\MyProject\ycj\protected\modules\rights\components\RightsFilter.php(57): RController->accessDenied()
#1 E:\yiiframework\framework\web\filters\CFilter.php(39): RightsFilter->preFilter(Object(CFilterChain))
#2 E:\MyProject\ycj\protected\modules\rights\components\RController.php(36): CFilter->filter(Object(CFilterChain))
#3 E:\yiiframework\framework\web\filters\CInlineFilter.php(59): RController->filterRights(Object(CFilterChain))
#4 E:\yiiframework\framework\web\filters\CFilterChain.php(131): CInlineFilter->filter(Object(CFilterChain))
#5 E:\yiiframework\framework\web\CController.php(292): CFilterChain->run()
#6 E:\yiiframework\framework\web\CController.php(266): CController->runActionWithFilters(Object(CInlineAction), Array)
#7 E:\yiiframework\framework\web\CWebApplication.php(276): CController->run('workframe')
#8 E:\yiiframework\framework\web\CWebApplication.php(135): CWebApplication->runController('')
#9 E:\yiiframework\framework\base\CApplication.php(162): CWebApplication->processRequest()
#10 E:\MyProject\ycj\index.php(14): CApplication->run()
#11 {main}
REQUEST_URI=/ycj/index.php?r=user/user/index
---
2012/04/08 09:07:25 [error] [exception.CHttpException.404] exception 'CHttpException' with message '无法解析请求 "=user/user/index"。' in E:\yiiframework\framework\web\CWebApplication.php:280
Stack trace:
#0 E:\yiiframework\framework\web\CWebApplication.php(135): CWebApplication->runController('=user/user/inde...')
#1 E:\yiiframework\framework\base\CApplication.php(162): CWebApplication->processRequest()
#2 E:\MyProject\ycj\index.php(14): CApplication->run()
#3 {main}
REQUEST_URI=/ycj/index.php/=user/user/index
---
2012/04/08 09:07:31 [error] [php] Invalid argument supplied for foreach() (E:\yiiframework\framework\web\auth\CAccessControlFilter.php:82)
Stack trace:
#0 E:\yiiframework\framework\web\filters\CFilterChain.php(131): CInlineFilter->filter()
#1 E:\yiiframework\framework\web\filters\CFilter.php(41): CFilterChain->run()
#2 E:\MyProject\ycj\protected\modules\rights\components\RController.php(36): RightsFilter->filter()
#3 E:\yiiframework\framework\web\filters\CInlineFilter.php(59): UserController->filterRights()
#4 E:\yiiframework\framework\web\filters\CFilterChain.php(131): CInlineFilter->filter()
#5 E:\yiiframework\framework\web\CController.php(292): CFilterChain->run()
#6 E:\yiiframework\framework\web\CController.php(266): UserController->runActionWithFilters()
#7 E:\yiiframework\framework\web\CWebApplication.php(276): UserController->run()
#8 E:\yiiframework\framework\web\CWebApplication.php(135): CWebApplication->runController()
#9 E:\yiiframework\framework\base\CApplication.php(162): CWebApplication->processRequest()
#10 E:\MyProject\ycj\index.php(14): CWebApplication->run()
REQUEST_URI=/ycj/index.php/user/user/index
2012/04/08 09:08:17 [error] [php] Invalid argument supplied for foreach() (E:\yiiframework\framework\web\auth\CAccessControlFilter.php:82)
Stack trace:
#0 E:\yiiframework\framework\web\filters\CFilterChain.php(131): CInlineFilter->filter()
#1 E:\yiiframework\framework\web\filters\CFilter.php(41): CFilterChain->run()
#2 E:\MyProject\ycj\protected\modules\rights\components\RController.php(36): RightsFilter->filter()
#3 E:\yiiframework\framework\web\filters\CInlineFilter.php(59): UserController->filterRights()
#4 E:\yiiframework\framework\web\filters\CFilterChain.php(131): CInlineFilter->filter()
#5 E:\yiiframework\framework\web\CController.php(292): CFilterChain->run()
#6 E:\yiiframework\framework\web\CController.php(266): UserController->runActionWithFilters()
#7 E:\yiiframework\framework\web\CWebApplication.php(276): UserController->run()
#8 E:\yiiframework\framework\web\CWebApplication.php(135): CWebApplication->runController()
#9 E:\yiiframework\framework\base\CApplication.php(162): CWebApplication->processRequest()
#10 E:\MyProject\ycj\index.php(14): CWebApplication->run()
REQUEST_URI=/ycj/index.php/user/user/index
2012/04/08 09:08:18 [error] [php] Invalid argument supplied for foreach() (E:\yiiframework\framework\web\auth\CAccessControlFilter.php:82)
Stack trace:
#0 E:\yiiframework\framework\web\filters\CFilterChain.php(131): CInlineFilter->filter()
#1 E:\yiiframework\framework\web\filters\CFilter.php(41): CFilterChain->run()
#2 E:\MyProject\ycj\protected\modules\rights\components\RController.php(36): RightsFilter->filter()
#3 E:\yiiframework\framework\web\filters\CInlineFilter.php(59): UserController->filterRights()
#4 E:\yiiframework\framework\web\filters\CFilterChain.php(131): CInlineFilter->filter()
#5 E:\yiiframework\framework\web\CController.php(292): CFilterChain->run()
#6 E:\yiiframework\framework\web\CController.php(266): UserController->runActionWithFilters()
#7 E:\yiiframework\framework\web\CWebApplication.php(276): UserController->run()
#8 E:\yiiframework\framework\web\CWebApplication.php(135): CWebApplication->runController()
#9 E:\yiiframework\framework\base\CApplication.php(162): CWebApplication->processRequest()
#10 E:\MyProject\ycj\index.php(14): CWebApplication->run()
REQUEST_URI=/ycj/index.php/user/user/index
2012/04/08 09:08:18 [error] [php] Invalid argument supplied for foreach() (E:\yiiframework\framework\web\auth\CAccessControlFilter.php:82)
Stack trace:
#0 E:\yiiframework\framework\web\filters\CFilterChain.php(131): CInlineFilter->filter()
#1 E:\yiiframework\framework\web\filters\CFilter.php(41): CFilterChain->run()
#2 E:\MyProject\ycj\protected\modules\rights\components\RController.php(36): RightsFilter->filter()
#3 E:\yiiframework\framework\web\filters\CInlineFilter.php(59): UserController->filterRights()
#4 E:\yiiframework\framework\web\filters\CFilterChain.php(131): CInlineFilter->filter()
#5 E:\yiiframework\framework\web\CController.php(292): CFilterChain->run()
#6 E:\yiiframework\framework\web\CController.php(266): UserController->runActionWithFilters()
#7 E:\yiiframework\framework\web\CWebApplication.php(276): UserController->run()
#8 E:\yiiframework\framework\web\CWebApplication.php(135): CWebApplication->runController()
#9 E:\yiiframework\framework\base\CApplication.php(162): CWebApplication->processRequest()
#10 E:\MyProject\ycj\index.php(14): CWebApplication->run()
REQUEST_URI=/ycj/index.php/user/user/index
2012/04/08 09:08:18 [error] [php] Invalid argument supplied for foreach() (E:\yiiframework\framework\web\auth\CAccessControlFilter.php:82)
Stack trace:
#0 E:\yiiframework\framework\web\filters\CFilterChain.php(131): CInlineFilter->filter()
#1 E:\yiiframework\framework\web\filters\CFilter.php(41): CFilterChain->run()
#2 E:\MyProject\ycj\protected\modules\rights\components\RController.php(36): RightsFilter->filter()
#3 E:\yiiframework\framework\web\filters\CInlineFilter.php(59): UserController->filterRights()
#4 E:\yiiframework\framework\web\filters\CFilterChain.php(131): CInlineFilter->filter()
#5 E:\yiiframework\framework\web\CController.php(292): CFilterChain->run()
#6 E:\yiiframework\framework\web\CController.php(266): UserController->runActionWithFilters()
#7 E:\yiiframework\framework\web\CWebApplication.php(276): UserController->run()
#8 E:\yiiframework\framework\web\CWebApplication.php(135): CWebApplication->runController()
#9 E:\yiiframework\framework\base\CApplication.php(162): CWebApplication->processRequest()
#10 E:\MyProject\ycj\index.php(14): CWebApplication->run()
REQUEST_URI=/ycj/index.php/user/user/index
2012/04/08 09:08:26 [error] [exception.CHttpException.403] exception 'CHttpException' with message '您没有被授权执行该操作。' in E:\MyProject\ycj\protected\modules\rights\components\RController.php:62
Stack trace:
#0 E:\MyProject\ycj\protected\modules\rights\components\RightsFilter.php(57): RController->accessDenied()
#1 E:\yiiframework\framework\web\filters\CFilter.php(39): RightsFilter->preFilter(Object(CFilterChain))
#2 E:\MyProject\ycj\protected\modules\rights\components\RController.php(36): CFilter->filter(Object(CFilterChain))
#3 E:\yiiframework\framework\web\filters\CInlineFilter.php(59): RController->filterRights(Object(CFilterChain))
#4 E:\yiiframework\framework\web\filters\CFilterChain.php(131): CInlineFilter->filter(Object(CFilterChain))
#5 E:\yiiframework\framework\web\CController.php(292): CFilterChain->run()
#6 E:\yiiframework\framework\web\CController.php(266): CController->runActionWithFilters(Object(CInlineAction), Array)
#7 E:\yiiframework\framework\web\CWebApplication.php(276): CController->run('workframe')
#8 E:\yiiframework\framework\web\CWebApplication.php(135): CWebApplication->runController('')
#9 E:\yiiframework\framework\base\CApplication.php(162): CWebApplication->processRequest()
#10 E:\MyProject\ycj\index.php(14): CApplication->run()
#11 {main}
REQUEST_URI=/ycj/index.php?r=user/user/index
---
2012/04/08 09:09:31 [error] [exception.CHttpException.403] exception 'CHttpException' with message '您没有被授权执行该操作。' in E:\MyProject\ycj\protected\modules\rights\components\RController.php:62
Stack trace:
#0 E:\MyProject\ycj\protected\modules\rights\components\RightsFilter.php(57): RController->accessDenied()
#1 E:\yiiframework\framework\web\filters\CFilter.php(39): RightsFilter->preFilter(Object(CFilterChain))
#2 E:\MyProject\ycj\protected\modules\rights\components\RController.php(36): CFilter->filter(Object(CFilterChain))
#3 E:\yiiframework\framework\web\filters\CInlineFilter.php(59): RController->filterRights(Object(CFilterChain))
#4 E:\yiiframework\framework\web\filters\CFilterChain.php(131): CInlineFilter->filter(Object(CFilterChain))
#5 E:\yiiframework\framework\web\CController.php(292): CFilterChain->run()
#6 E:\yiiframework\framework\web\CController.php(266): CController->runActionWithFilters(Object(CInlineAction), Array)
#7 E:\yiiframework\framework\web\CWebApplication.php(276): CController->run('workframe')
#8 E:\yiiframework\framework\web\CWebApplication.php(135): CWebApplication->runController('')
#9 E:\yiiframework\framework\base\CApplication.php(162): CWebApplication->processRequest()
#10 E:\MyProject\ycj\index.php(14): CApplication->run()
#11 {main}
REQUEST_URI=/ycj/index.php?r=user/user/index
---
2012/04/08 09:09:41 [error] [exception.CHttpException.403] exception 'CHttpException' with message '您没有被授权执行该操作。' in E:\MyProject\ycj\protected\modules\rights\components\RController.php:62
Stack trace:
#0 E:\MyProject\ycj\protected\modules\rights\components\RightsFilter.php(57): RController->accessDenied()
#1 E:\yiiframework\framework\web\filters\CFilter.php(39): RightsFilter->preFilter(Object(CFilterChain))
#2 E:\MyProject\ycj\protected\modules\rights\components\RController.php(36): CFilter->filter(Object(CFilterChain))
#3 E:\yiiframework\framework\web\filters\CInlineFilter.php(59): RController->filterRights(Object(CFilterChain))
#4 E:\yiiframework\framework\web\filters\CFilterChain.php(131): CInlineFilter->filter(Object(CFilterChain))
#5 E:\yiiframework\framework\web\CController.php(292): CFilterChain->run()
#6 E:\yiiframework\framework\web\CController.php(266): CController->runActionWithFilters(Object(CInlineAction), Array)
#7 E:\yiiframework\framework\web\CWebApplication.php(276): CController->run('workframe')
#8 E:\yiiframework\framework\web\CWebApplication.php(135): CWebApplication->runController('')
#9 E:\yiiframework\framework\base\CApplication.php(162): CWebApplication->processRequest()
#10 E:\MyProject\ycj\index.php(14): CApplication->run()
#11 {main}
REQUEST_URI=/ycj/index.php?r=user/user/index
---
2012/04/08 09:09:47 [error] [exception.CHttpException.403] exception 'CHttpException' with message '您没有被授权执行该操作。' in E:\MyProject\ycj\protected\modules\rights\components\RController.php:62
Stack trace:
#0 E:\MyProject\ycj\protected\modules\rights\components\RightsFilter.php(57): RController->accessDenied()
#1 E:\yiiframework\framework\web\filters\CFilter.php(39): RightsFilter->preFilter(Object(CFilterChain))
#2 E:\MyProject\ycj\protected\modules\rights\components\RController.php(36): CFilter->filter(Object(CFilterChain))
#3 E:\yiiframework\framework\web\filters\CInlineFilter.php(59): RController->filterRights(Object(CFilterChain))
#4 E:\yiiframework\framework\web\filters\CFilterChain.php(131): CInlineFilter->filter(Object(CFilterChain))
#5 E:\yiiframework\framework\web\CController.php(292): CFilterChain->run()
#6 E:\yiiframework\framework\web\CController.php(266): CController->runActionWithFilters(Object(CInlineAction), Array)
#7 E:\yiiframework\framework\web\CWebApplication.php(276): CController->run('workframe')
#8 E:\yiiframework\framework\web\CWebApplication.php(135): CWebApplication->runController('')
#9 E:\yiiframework\framework\base\CApplication.php(162): CWebApplication->processRequest()
#10 E:\MyProject\ycj\index.php(14): CApplication->run()
#11 {main}
REQUEST_URI=/ycj/index.php
---
2012/04/08 09:10:29 [error] [exception.CHttpException.403] exception 'CHttpException' with message '您没有被授权执行该操作。' in E:\MyProject\ycj\protected\modules\rights\components\RController.php:62
Stack trace:
#0 E:\MyProject\ycj\protected\modules\rights\components\RightsFilter.php(57): RController->accessDenied()
#1 E:\yiiframework\framework\web\filters\CFilter.php(39): RightsFilter->preFilter(Object(CFilterChain))
#2 E:\MyProject\ycj\protected\modules\rights\components\RController.php(36): CFilter->filter(Object(CFilterChain))
#3 E:\yiiframework\framework\web\filters\CInlineFilter.php(59): RController->filterRights(Object(CFilterChain))
#4 E:\yiiframework\framework\web\filters\CFilterChain.php(131): CInlineFilter->filter(Object(CFilterChain))
#5 E:\yiiframework\framework\web\CController.php(292): CFilterChain->run()
#6 E:\yiiframework\framework\web\CController.php(266): CController->runActionWithFilters(Object(CInlineAction), Array)
#7 E:\yiiframework\framework\web\CWebApplication.php(276): CController->run('workframe')
#8 E:\yiiframework\framework\web\CWebApplication.php(135): CWebApplication->runController('')
#9 E:\yiiframework\framework\base\CApplication.php(162): CWebApplication->processRequest()
#10 E:\MyProject\ycj\index.php(14): CApplication->run()
#11 {main}
REQUEST_URI=/ycj/index.php
---
2012/04/08 09:11:21 [error] [exception.CHttpException.403] exception 'CHttpException' with message '您没有被授权执行该操作。' in E:\MyProject\ycj\protected\modules\rights\components\RController.php:62
Stack trace:
#0 E:\MyProject\ycj\protected\modules\rights\components\RightsFilter.php(57): RController->accessDenied()
#1 E:\yiiframework\framework\web\filters\CFilter.php(39): RightsFilter->preFilter(Object(CFilterChain))
#2 E:\MyProject\ycj\protected\modules\rights\components\RController.php(36): CFilter->filter(Object(CFilterChain))
#3 E:\yiiframework\framework\web\filters\CInlineFilter.php(59): RController->filterRights(Object(CFilterChain))
#4 E:\yiiframework\framework\web\filters\CFilterChain.php(131): CInlineFilter->filter(Object(CFilterChain))
#5 E:\yiiframework\framework\web\CController.php(292): CFilterChain->run()
#6 E:\yiiframework\framework\web\CController.php(266): CController->runActionWithFilters(Object(CInlineAction), Array)
#7 E:\yiiframework\framework\web\CWebApplication.php(276): CController->run('workframe')
#8 E:\yiiframework\framework\web\CWebApplication.php(135): CWebApplication->runController('')
#9 E:\yiiframework\framework\base\CApplication.php(162): CWebApplication->processRequest()
#10 E:\MyProject\ycj\index.php(14): CApplication->run()
#11 {main}
REQUEST_URI=/ycj/index.php?r=user/user/index
---
2012/04/08 09:12:00 [error] [exception.CHttpException.403] exception 'CHttpException' with message '您没有被授权执行该操作。' in E:\MyProject\ycj\protected\modules\rights\components\RController.php:62
Stack trace:
#0 E:\MyProject\ycj\protected\modules\rights\components\RightsFilter.php(57): RController->accessDenied()
#1 E:\yiiframework\framework\web\filters\CFilter.php(39): RightsFilter->preFilter(Object(CFilterChain))
#2 E:\MyProject\ycj\protected\modules\rights\components\RController.php(36): CFilter->filter(Object(CFilterChain))
#3 E:\yiiframework\framework\web\filters\CInlineFilter.php(59): RController->filterRights(Object(CFilterChain))
#4 E:\yiiframework\framework\web\filters\CFilterChain.php(131): CInlineFilter->filter(Object(CFilterChain))
#5 E:\yiiframework\framework\web\CController.php(292): CFilterChain->run()
#6 E:\yiiframework\framework\web\CController.php(266): CController->runActionWithFilters(Object(CInlineAction), Array)
#7 E:\yiiframework\framework\web\CWebApplication.php(276): CController->run('workframe')
#8 E:\yiiframework\framework\web\CWebApplication.php(135): CWebApplication->runController('')
#9 E:\yiiframework\framework\base\CApplication.php(162): CWebApplication->processRequest()
#10 E:\MyProject\ycj\index.php(14): CApplication->run()
#11 {main}
REQUEST_URI=/ycj/index.php?r=user/user/index
---
2012/04/08 09:12:31 [error] [exception.CHttpException.403] exception 'CHttpException' with message '您没有被授权执行该操作。' in E:\MyProject\ycj\protected\modules\rights\components\RController.php:62
Stack trace:
#0 E:\MyProject\ycj\protected\modules\rights\components\RightsFilter.php(57): RController->accessDenied()
#1 E:\yiiframework\framework\web\filters\CFilter.php(39): RightsFilter->preFilter(Object(CFilterChain))
#2 E:\MyProject\ycj\protected\modules\rights\components\RController.php(36): CFilter->filter(Object(CFilterChain))
#3 E:\yiiframework\framework\web\filters\CInlineFilter.php(59): RController->filterRights(Object(CFilterChain))
#4 E:\yiiframework\framework\web\filters\CFilterChain.php(131): CInlineFilter->filter(Object(CFilterChain))
#5 E:\yiiframework\framework\web\CController.php(292): CFilterChain->run()
#6 E:\yiiframework\framework\web\CController.php(266): CController->runActionWithFilters(Object(CInlineAction), Array)
#7 E:\yiiframework\framework\web\CWebApplication.php(276): CController->run('workframe')
#8 E:\yiiframework\framework\web\CWebApplication.php(135): CWebApplication->runController('')
#9 E:\yiiframework\framework\base\CApplication.php(162): CWebApplication->processRequest()
#10 E:\MyProject\ycj\index.php(14): CApplication->run()
#11 {main}
REQUEST_URI=/ycj/index.php?r=user/user/index
---
2012/04/08 09:12:32 [error] [exception.CHttpException.403] exception 'CHttpException' with message '您没有被授权执行该操作。' in E:\MyProject\ycj\protected\modules\rights\components\RController.php:62
Stack trace:
#0 E:\MyProject\ycj\protected\modules\rights\components\RightsFilter.php(57): RController->accessDenied()
#1 E:\yiiframework\framework\web\filters\CFilter.php(39): RightsFilter->preFilter(Object(CFilterChain))
#2 E:\MyProject\ycj\protected\modules\rights\components\RController.php(36): CFilter->filter(Object(CFilterChain))
#3 E:\yiiframework\framework\web\filters\CInlineFilter.php(59): RController->filterRights(Object(CFilterChain))
#4 E:\yiiframework\framework\web\filters\CFilterChain.php(131): CInlineFilter->filter(Object(CFilterChain))
#5 E:\yiiframework\framework\web\CController.php(292): CFilterChain->run()
#6 E:\yiiframework\framework\web\CController.php(266): CController->runActionWithFilters(Object(CInlineAction), Array)
#7 E:\yiiframework\framework\web\CWebApplication.php(276): CController->run('workframe')
#8 E:\yiiframework\framework\web\CWebApplication.php(135): CWebApplication->runController('')
#9 E:\yiiframework\framework\base\CApplication.php(162): CWebApplication->processRequest()
#10 E:\MyProject\ycj\index.php(14): CApplication->run()
#11 {main}
REQUEST_URI=/ycj/index.php?r=user/user/index
---
2012/04/08 09:12:32 [error] [exception.CHttpException.403] exception 'CHttpException' with message '您没有被授权执行该操作。' in E:\MyProject\ycj\protected\modules\rights\components\RController.php:62
Stack trace:
#0 E:\MyProject\ycj\protected\modules\rights\components\RightsFilter.php(57): RController->accessDenied()
#1 E:\yiiframework\framework\web\filters\CFilter.php(39): RightsFilter->preFilter(Object(CFilterChain))
#2 E:\MyProject\ycj\protected\modules\rights\components\RController.php(36): CFilter->filter(Object(CFilterChain))
#3 E:\yiiframework\framework\web\filters\CInlineFilter.php(59): RController->filterRights(Object(CFilterChain))
#4 E:\yiiframework\framework\web\filters\CFilterChain.php(131): CInlineFilter->filter(Object(CFilterChain))
#5 E:\yiiframework\framework\web\CController.php(292): CFilterChain->run()
#6 E:\yiiframework\framework\web\CController.php(266): CController->runActionWithFilters(Object(CInlineAction), Array)
#7 E:\yiiframework\framework\web\CWebApplication.php(276): CController->run('workframe')
#8 E:\yiiframework\framework\web\CWebApplication.php(135): CWebApplication->runController('')
#9 E:\yiiframework\framework\base\CApplication.php(162): CWebApplication->processRequest()
#10 E:\MyProject\ycj\index.php(14): CApplication->run()
#11 {main}
REQUEST_URI=/ycj/index.php?r=user/user/index
---
2012/04/08 09:14:32 [error] [exception.CHttpException.403] exception 'CHttpException' with message '您没有被授权执行该操作。' in E:\MyProject\ycj\protected\modules\rights\components\RController.php:62
Stack trace:
#0 E:\MyProject\ycj\protected\modules\rights\components\RightsFilter.php(57): RController->accessDenied()
#1 E:\yiiframework\framework\web\filters\CFilter.php(39): RightsFilter->preFilter(Object(CFilterChain))
#2 E:\MyProject\ycj\protected\modules\rights\components\RController.php(36): CFilter->filter(Object(CFilterChain))
#3 E:\yiiframework\framework\web\filters\CInlineFilter.php(59): RController->filterRights(Object(CFilterChain))
#4 E:\yiiframework\framework\web\filters\CFilterChain.php(131): CInlineFilter->filter(Object(CFilterChain))
#5 E:\yiiframework\framework\web\CController.php(292): CFilterChain->run()
#6 E:\yiiframework\framework\web\CController.php(266): CController->runActionWithFilters(Object(CInlineAction), Array)
#7 E:\yiiframework\framework\web\CWebApplication.php(276): CController->run('workframe')
#8 E:\yiiframework\framework\web\CWebApplication.php(135): CWebApplication->runController('')
#9 E:\yiiframework\framework\base\CApplication.php(162): CWebApplication->processRequest()
#10 E:\MyProject\ycj\index.php(14): CApplication->run()
#11 {main}
REQUEST_URI=/ycj/index.php?r=user/user/index
---
2012/04/08 09:15:05 [error] [exception.CHttpException.403] exception 'CHttpException' with message '您没有被授权执行该操作。' in E:\MyProject\ycj\protected\modules\rights\components\RController.php:62
Stack trace:
#0 E:\MyProject\ycj\protected\modules\rights\components\RightsFilter.php(57): RController->accessDenied()
#1 E:\yiiframework\framework\web\filters\CFilter.php(39): RightsFilter->preFilter(Object(CFilterChain))
#2 E:\MyProject\ycj\protected\modules\rights\components\RController.php(36): CFilter->filter(Object(CFilterChain))
#3 E:\yiiframework\framework\web\filters\CInlineFilter.php(59): RController->filterRights(Object(CFilterChain))
#4 E:\yiiframework\framework\web\filters\CFilterChain.php(131): CInlineFilter->filter(Object(CFilterChain))
#5 E:\yiiframework\framework\web\CController.php(292): CFilterChain->run()
#6 E:\yiiframework\framework\web\CController.php(266): CController->runActionWithFilters(Object(CInlineAction), Array)
#7 E:\yiiframework\framework\web\CWebApplication.php(276): CController->run('workframe')
#8 E:\yiiframework\framework\web\CWebApplication.php(135): CWebApplication->runController('')
#9 E:\yiiframework\framework\base\CApplication.php(162): CWebApplication->processRequest()
#10 E:\MyProject\ycj\index.php(14): CApplication->run()
#11 {main}
REQUEST_URI=/ycj/index.php?r=user/user/index
---
2012/04/08 09:15:05 [error] [exception.CHttpException.403] exception 'CHttpException' with message '您没有被授权执行该操作。' in E:\MyProject\ycj\protected\modules\rights\components\RController.php:62
Stack trace:
#0 E:\MyProject\ycj\protected\modules\rights\components\RightsFilter.php(57): RController->accessDenied()
#1 E:\yiiframework\framework\web\filters\CFilter.php(39): RightsFilter->preFilter(Object(CFilterChain))
#2 E:\MyProject\ycj\protected\modules\rights\components\RController.php(36): CFilter->filter(Object(CFilterChain))
#3 E:\yiiframework\framework\web\filters\CInlineFilter.php(59): RController->filterRights(Object(CFilterChain))
#4 E:\yiiframework\framework\web\filters\CFilterChain.php(131): CInlineFilter->filter(Object(CFilterChain))
#5 E:\yiiframework\framework\web\CController.php(292): CFilterChain->run()
#6 E:\yiiframework\framework\web\CController.php(266): CController->runActionWithFilters(Object(CInlineAction), Array)
#7 E:\yiiframework\framework\web\CWebApplication.php(276): CController->run('workframe')
#8 E:\yiiframework\framework\web\CWebApplication.php(135): CWebApplication->runController('')
#9 E:\yiiframework\framework\base\CApplication.php(162): CWebApplication->processRequest()
#10 E:\MyProject\ycj\index.php(14): CApplication->run()
#11 {main}
REQUEST_URI=/ycj/index.php?r=user/user/index
---
2012/04/08 09:15:06 [error] [exception.CHttpException.403] exception 'CHttpException' with message '您没有被授权执行该操作。' in E:\MyProject\ycj\protected\modules\rights\components\RController.php:62
Stack trace:
#0 E:\MyProject\ycj\protected\modules\rights\components\RightsFilter.php(57): RController->accessDenied()
#1 E:\yiiframework\framework\web\filters\CFilter.php(39): RightsFilter->preFilter(Object(CFilterChain))
#2 E:\MyProject\ycj\protected\modules\rights\components\RController.php(36): CFilter->filter(Object(CFilterChain))
#3 E:\yiiframework\framework\web\filters\CInlineFilter.php(59): RController->filterRights(Object(CFilterChain))
#4 E:\yiiframework\framework\web\filters\CFilterChain.php(131): CInlineFilter->filter(Object(CFilterChain))
#5 E:\yiiframework\framework\web\CController.php(292): CFilterChain->run()
#6 E:\yiiframework\framework\web\CController.php(266): CController->runActionWithFilters(Object(CInlineAction), Array)
#7 E:\yiiframework\framework\web\CWebApplication.php(276): CController->run('workframe')
#8 E:\yiiframework\framework\web\CWebApplication.php(135): CWebApplication->runController('')
#9 E:\yiiframework\framework\base\CApplication.php(162): CWebApplication->processRequest()
#10 E:\MyProject\ycj\index.php(14): CApplication->run()
#11 {main}
REQUEST_URI=/ycj/index.php?r=user/user/index
---
2012/04/08 09:15:06 [error] [exception.CHttpException.403] exception 'CHttpException' with message '您没有被授权执行该操作。' in E:\MyProject\ycj\protected\modules\rights\components\RController.php:62
Stack trace:
#0 E:\MyProject\ycj\protected\modules\rights\components\RightsFilter.php(57): RController->accessDenied()
#1 E:\yiiframework\framework\web\filters\CFilter.php(39): RightsFilter->preFilter(Object(CFilterChain))
#2 E:\MyProject\ycj\protected\modules\rights\components\RController.php(36): CFilter->filter(Object(CFilterChain))
#3 E:\yiiframework\framework\web\filters\CInlineFilter.php(59): RController->filterRights(Object(CFilterChain))
#4 E:\yiiframework\framework\web\filters\CFilterChain.php(131): CInlineFilter->filter(Object(CFilterChain))
#5 E:\yiiframework\framework\web\CController.php(292): CFilterChain->run()
#6 E:\yiiframework\framework\web\CController.php(266): CController->runActionWithFilters(Object(CInlineAction), Array)
#7 E:\yiiframework\framework\web\CWebApplication.php(276): CController->run('workframe')
#8 E:\yiiframework\framework\web\CWebApplication.php(135): CWebApplication->runController('')
#9 E:\yiiframework\framework\base\CApplication.php(162): CWebApplication->processRequest()
#10 E:\MyProject\ycj\index.php(14): CApplication->run()
#11 {main}
REQUEST_URI=/ycj/index.php?r=user/user/index
---
2012/04/08 09:15:06 [error] [exception.CHttpException.403] exception 'CHttpException' with message '您没有被授权执行该操作。' in E:\MyProject\ycj\protected\modules\rights\components\RController.php:62
Stack trace:
#0 E:\MyProject\ycj\protected\modules\rights\components\RightsFilter.php(57): RController->accessDenied()
#1 E:\yiiframework\framework\web\filters\CFilter.php(39): RightsFilter->preFilter(Object(CFilterChain))
#2 E:\MyProject\ycj\protected\modules\rights\components\RController.php(36): CFilter->filter(Object(CFilterChain))
#3 E:\yiiframework\framework\web\filters\CInlineFilter.php(59): RController->filterRights(Object(CFilterChain))
#4 E:\yiiframework\framework\web\filters\CFilterChain.php(131): CInlineFilter->filter(Object(CFilterChain))
#5 E:\yiiframework\framework\web\CController.php(292): CFilterChain->run()
#6 E:\yiiframework\framework\web\CController.php(266): CController->runActionWithFilters(Object(CInlineAction), Array)
#7 E:\yiiframework\framework\web\CWebApplication.php(276): CController->run('workframe')
#8 E:\yiiframework\framework\web\CWebApplication.php(135): CWebApplication->runController('')
#9 E:\yiiframework\framework\base\CApplication.php(162): CWebApplication->processRequest()
#10 E:\MyProject\ycj\index.php(14): CApplication->run()
#11 {main}
REQUEST_URI=/ycj/index.php?r=user/user/index
---
2012/04/08 09:15:11 [error] [exception.CHttpException.403] exception 'CHttpException' with message '您没有被授权执行该操作。' in E:\MyProject\ycj\protected\modules\rights\components\RController.php:62
Stack trace:
#0 E:\MyProject\ycj\protected\modules\rights\components\RightsFilter.php(57): RController->accessDenied()
#1 E:\yiiframework\framework\web\filters\CFilter.php(39): RightsFilter->preFilter(Object(CFilterChain))
#2 E:\MyProject\ycj\protected\modules\rights\components\RController.php(36): CFilter->filter(Object(CFilterChain))
#3 E:\yiiframework\framework\web\filters\CInlineFilter.php(59): RController->filterRights(Object(CFilterChain))
#4 E:\yiiframework\framework\web\filters\CFilterChain.php(131): CInlineFilter->filter(Object(CFilterChain))
#5 E:\yiiframework\framework\web\CController.php(292): CFilterChain->run()
#6 E:\yiiframework\framework\web\CController.php(266): CController->runActionWithFilters(Object(CInlineAction), Array)
#7 E:\yiiframework\framework\web\CWebApplication.php(276): CController->run('workframe')
#8 E:\yiiframework\framework\web\CWebApplication.php(135): CWebApplication->runController('')
#9 E:\yiiframework\framework\base\CApplication.php(162): CWebApplication->processRequest()
#10 E:\MyProject\ycj\index.php(14): CApplication->run()
#11 {main}
REQUEST_URI=/ycj/index.php?r=user/user/index
---
2012/04/08 09:15:14 [error] [exception.CHttpException.403] exception 'CHttpException' with message '您没有被授权执行该操作。' in E:\MyProject\ycj\protected\modules\rights\components\RController.php:62
Stack trace:
#0 E:\MyProject\ycj\protected\modules\rights\components\RightsFilter.php(57): RController->accessDenied()
#1 E:\yiiframework\framework\web\filters\CFilter.php(39): RightsFilter->preFilter(Object(CFilterChain))
#2 E:\MyProject\ycj\protected\modules\rights\components\RController.php(36): CFilter->filter(Object(CFilterChain))
#3 E:\yiiframework\framework\web\filters\CInlineFilter.php(59): RController->filterRights(Object(CFilterChain))
#4 E:\yiiframework\framework\web\filters\CFilterChain.php(131): CInlineFilter->filter(Object(CFilterChain))
#5 E:\yiiframework\framework\web\CController.php(292): CFilterChain->run()
#6 E:\yiiframework\framework\web\CController.php(266): CController->runActionWithFilters(Object(CInlineAction), Array)
#7 E:\yiiframework\framework\web\CWebApplication.php(276): CController->run('workframe')
#8 E:\yiiframework\framework\web\CWebApplication.php(135): CWebApplication->runController('')
#9 E:\yiiframework\framework\base\CApplication.php(162): CWebApplication->processRequest()
#10 E:\MyProject\ycj\index.php(14): CApplication->run()
#11 {main}
REQUEST_URI=/ycj/index.php?r=user/user/index
---
2012/04/08 09:19:13 [error] [exception.CHttpException.403] exception 'CHttpException' with message '您没有被授权执行该操作。' in E:\MyProject\ycj\protected\modules\rights\components\RController.php:62
Stack trace:
#0 E:\MyProject\ycj\protected\modules\rights\components\RightsFilter.php(57): RController->accessDenied()
#1 E:\yiiframework\framework\web\filters\CFilter.php(39): RightsFilter->preFilter(Object(CFilterChain))
#2 E:\MyProject\ycj\protected\modules\rights\components\RController.php(36): CFilter->filter(Object(CFilterChain))
#3 E:\yiiframework\framework\web\filters\CInlineFilter.php(59): RController->filterRights(Object(CFilterChain))
#4 E:\yiiframework\framework\web\filters\CFilterChain.php(131): CInlineFilter->filter(Object(CFilterChain))
#5 E:\yiiframework\framework\web\CController.php(292): CFilterChain->run()
#6 E:\yiiframework\framework\web\CController.php(266): CController->runActionWithFilters(Object(CInlineAction), Array)
#7 E:\yiiframework\framework\web\CWebApplication.php(276): CController->run('workframe')
#8 E:\yiiframework\framework\web\CWebApplication.php(135): CWebApplication->runController('')
#9 E:\yiiframework\framework\base\CApplication.php(162): CWebApplication->processRequest()
#10 E:\MyProject\ycj\index.php(14): CApplication->run()
#11 {main}
REQUEST_URI=/ycj/index.php?r=user/user/index
---
2012/04/08 09:19:19 [error] [exception.CHttpException.403] exception 'CHttpException' with message '您没有被授权执行该操作。' in E:\MyProject\ycj\protected\modules\rights\components\RController.php:62
Stack trace:
#0 E:\MyProject\ycj\protected\modules\rights\components\RightsFilter.php(57): RController->accessDenied()
#1 E:\yiiframework\framework\web\filters\CFilter.php(39): RightsFilter->preFilter(Object(CFilterChain))
#2 E:\MyProject\ycj\protected\modules\rights\components\RController.php(36): CFilter->filter(Object(CFilterChain))
#3 E:\yiiframework\framework\web\filters\CInlineFilter.php(59): RController->filterRights(Object(CFilterChain))
#4 E:\yiiframework\framework\web\filters\CFilterChain.php(131): CInlineFilter->filter(Object(CFilterChain))
#5 E:\yiiframework\framework\web\CController.php(292): CFilterChain->run()
#6 E:\yiiframework\framework\web\CController.php(266): CController->runActionWithFilters(Object(CInlineAction), Array)
#7 E:\yiiframework\framework\web\CWebApplication.php(276): CController->run('workframe')
#8 E:\yiiframework\framework\web\CWebApplication.php(135): CWebApplication->runController('')
#9 E:\yiiframework\framework\base\CApplication.php(162): CWebApplication->processRequest()
#10 E:\MyProject\ycj\index.php(14): CApplication->run()
#11 {main}
REQUEST_URI=/ycj/index.php?r=user/user/index
---
2012/04/08 09:26:33 [error] [exception.CException] exception 'CException' with message 'HomeController 无法找到请求的视图 "workframe".' in E:\yiiframework\framework\web\CController.php:879
Stack trace:
#0 E:\yiiframework\framework\web\CController.php(783): CController->renderPartial('workframe', NULL, true)
#1 E:\MyProject\ycj\protected\modules\site\controllers\HomeController.php(113): CController->render('workframe')
#2 E:\yiiframework\framework\web\actions\CInlineAction.php(50): HomeController->actionWorkframe()
#3 E:\yiiframework\framework\web\CController.php(309): CInlineAction->runWithParams(Array)
#4 E:\yiiframework\framework\web\CController.php(287): CController->runAction(Object(CInlineAction))
#5 E:\yiiframework\framework\web\CController.php(266): CController->runActionWithFilters(Object(CInlineAction), Array)
#6 E:\yiiframework\framework\web\CWebApplication.php(276): CController->run('workframe')
#7 E:\yiiframework\framework\web\CWebApplication.php(135): CWebApplication->runController('')
#8 E:\yiiframework\framework\base\CApplication.php(162): CWebApplication->processRequest()
#9 E:\MyProject\ycj\index.php(14): CApplication->run()
#10 {main}
REQUEST_URI=/ycj/index.php?r=user/user/index
---
2012/04/08 09:27:22 [error] [exception.CException] exception 'CException' with message 'HomeController 无法找到请求的视图 "workframe".' in E:\yiiframework\framework\web\CController.php:879
Stack trace:
#0 E:\yiiframework\framework\web\CController.php(783): CController->renderPartial('workframe', NULL, true)
#1 E:\MyProject\ycj\protected\modules\site\controllers\HomeController.php(113): CController->render('workframe')
#2 E:\yiiframework\framework\web\actions\CInlineAction.php(50): HomeController->actionWorkframe()
#3 E:\yiiframework\framework\web\CController.php(309): CInlineAction->runWithParams(Array)
#4 E:\yiiframework\framework\web\CController.php(287): CController->runAction(Object(CInlineAction))
#5 E:\yiiframework\framework\web\CController.php(266): CController->runActionWithFilters(Object(CInlineAction), Array)
#6 E:\yiiframework\framework\web\CWebApplication.php(276): CController->run('workframe')
#7 E:\yiiframework\framework\web\CWebApplication.php(135): CWebApplication->runController('')
#8 E:\yiiframework\framework\base\CApplication.php(162): CWebApplication->processRequest()
#9 E:\MyProject\ycj\index.php(14): CApplication->run()
#10 {main}
REQUEST_URI=/ycj/index.php?r=user/user/index
---
2012/04/08 09:28:10 [error] [exception.CException] exception 'CException' with message 'HomeController 无法找到请求的视图 "workframe".' in E:\yiiframework\framework\web\CController.php:879
Stack trace:
#0 E:\yiiframework\framework\web\CController.php(783): CController->renderPartial('workframe', NULL, true)
#1 E:\MyProject\ycj\protected\modules\site\controllers\HomeController.php(113): CController->render('workframe')
#2 E:\yiiframework\framework\web\actions\CInlineAction.php(50): HomeController->actionWorkframe()
#3 E:\yiiframework\framework\web\CController.php(309): CInlineAction->runWithParams(Array)
#4 E:\yiiframework\framework\web\CController.php(287): CController->runAction(Object(CInlineAction))
#5 E:\yiiframework\framework\web\CController.php(266): CController->runActionWithFilters(Object(CInlineAction), Array)
#6 E:\yiiframework\framework\web\CWebApplication.php(276): CController->run('workframe')
#7 E:\yiiframework\framework\web\CWebApplication.php(135): CWebApplication->runController('')
#8 E:\yiiframework\framework\base\CApplication.php(162): CWebApplication->processRequest()
#9 E:\MyProject\ycj\index.php(14): CApplication->run()
#10 {main}
REQUEST_URI=/ycj/index.php?r=user/user/index
---
2012/04/08 09:28:20 [error] [exception.CException] exception 'CException' with message 'HomeController 无法找到请求的视图 "workframe".' in E:\yiiframework\framework\web\CController.php:879
Stack trace:
#0 E:\yiiframework\framework\web\CController.php(783): CController->renderPartial('workframe', NULL, true)
#1 E:\MyProject\ycj\protected\modules\site\controllers\HomeController.php(113): CController->render('workframe')
#2 E:\yiiframework\framework\web\actions\CInlineAction.php(50): HomeController->actionWorkframe()
#3 E:\yiiframework\framework\web\CController.php(309): CInlineAction->runWithParams(Array)
#4 E:\yiiframework\framework\web\CController.php(287): CController->runAction(Object(CInlineAction))
#5 E:\yiiframework\framework\web\CController.php(266): CController->runActionWithFilters(Object(CInlineAction), Array)
#6 E:\yiiframework\framework\web\CWebApplication.php(276): CController->run('workframe')
#7 E:\yiiframework\framework\web\CWebApplication.php(135): CWebApplication->runController('')
#8 E:\yiiframework\framework\base\CApplication.php(162): CWebApplication->processRequest()
#9 E:\MyProject\ycj\index.php(14): CApplication->run()
#10 {main}
REQUEST_URI=/ycj/index.php?r=user/user/index
---
2012/04/08 09:37:12 [error] [exception.CHttpException.404] exception 'CHttpException' with message '无法解析请求 "user/auth/login"。' in E:\yiiframework\framework\web\CWebApplication.php:280
Stack trace:
#0 E:\yiiframework\framework\web\CWebApplication.php(135): CWebApplication->runController('')
#1 E:\yiiframework\framework\base\CApplication.php(162): CWebApplication->processRequest()
#2 E:\MyProject\ycj\index.php(14): CApplication->run()
#3 {main}
REQUEST_URI=/ycj/index.php
---
